<?xml version="1.0" ?>
<testsuites disabled="0" errors="0" failures="47" tests="136" time="0.0">
	<testsuite disabled="0" errors="0" failures="47" name="terraform scan" skipped="0" tests="136" time="0">
		<properties>
			<property name="directory" value="['/tf']"/>
			<property name="add_check" value="False"/>
			<property name="list" value="False"/>
			<property name="output" value="['junitxml']"/>
			<property name="output_file_path" value="results.xml"/>
			<property name="output_bc_ids" value="False"/>
			<property name="include_all_checkov_policies" value="True"/>
			<property name="quiet" value="False"/>
			<property name="compact" value="False"/>
			<property name="framework" value="['all']"/>
			<property name="skip_framework" value="[]"/>
			<property name="run_all_external_checks" value="False"/>
			<property name="soft_fail" value="False"/>
			<property name="skip_results_upload" value="False"/>
			<property name="repo_id" value="cli_repo/tf"/>
			<property name="branch" value="master"/>
			<property name="skip_download" value="False"/>
			<property name="use_enforcement_rules" value="False"/>
			<property name="external_modules_download_path" value=".external_modules"/>
			<property name="evaluate_variables" value="True"/>
			<property name="no_cert_verify" value="False"/>
			<property name="create_baseline" value="False"/>
			<property name="output_baseline_as_skipped" value="False"/>
			<property name="secrets_scan_file_type" value="[]"/>
			<property name="enable_secret_scan_all_files" value="False"/>
			<property name="block_list_secret_scan" value="[]"/>
			<property name="summary_position" value="top"/>
			<property name="skip_resources_without_violations" value="False"/>
			<property name="deep_analysis" value="False"/>
			<property name="no_fail_on_crash" value="False"/>
			<property name="mask" value="defaultdict(&lt;class 'set'&gt;, {})"/>
			<property name="scan_secrets_history" value="False"/>
			<property name="secrets_history_timeout" value="12h"/>
			<property name="custom_tool_name" value="Checkov"/>
		</properties>
		<testcase name="[NONE][CKV_AWS_328] Ensure that ALB is configured with defensive or strictest desync mitigation mode" classname="/alb.tf.aws_lb.main" file="/alb.tf"/>
		<testcase name="[NONE][CKV_AWS_150] Ensure that Load Balancer has deletion protection enabled" classname="/alb.tf.aws_lb.main" file="/alb.tf"/>
		<testcase name="[NONE][CKV_AWS_91] Ensure the ELBv2 (Application/Network) has access logging enabled" classname="/alb.tf.aws_lb.main" file="/alb.tf"/>
		<testcase name="[NONE][CKV_AWS_131] Ensure that ALB drops HTTP headers" classname="/alb.tf.aws_lb.main" file="/alb.tf"/>
		<testcase name="[NONE][CKV_AWS_261] Ensure HTTP HTTPS Target group defines Healthcheck" classname="/alb.tf.aws_lb_target_group.backend" file="/alb.tf"/>
		<testcase name="[NONE][CKV_AWS_2] Ensure ALB protocol is HTTPS" classname="/alb.tf.aws_lb_listener.http" file="/alb.tf"/>
		<testcase name="[NONE][CKV_AWS_93] Ensure S3 bucket policy does not lockout all but root user. (Prevent lockouts needing root account fixes)" classname="/alb_logs.tf.aws_s3_bucket.alb_logs" file="/alb_logs.tf"/>
		<testcase name="[NONE][CKV_AWS_55] Ensure S3 bucket has ignore public ACLs enabled" classname="/alb_logs.tf.aws_s3_bucket_public_access_block.alb_logs" file="/alb_logs.tf"/>
		<testcase name="[NONE][CKV_AWS_54] Ensure S3 bucket has block public policy enabled" classname="/alb_logs.tf.aws_s3_bucket_public_access_block.alb_logs" file="/alb_logs.tf"/>
		<testcase name="[NONE][CKV_AWS_56] Ensure S3 bucket has 'restrict_public_buckets' enabled" classname="/alb_logs.tf.aws_s3_bucket_public_access_block.alb_logs" file="/alb_logs.tf"/>
		<testcase name="[NONE][CKV_AWS_53] Ensure S3 bucket has block public ACLS enabled" classname="/alb_logs.tf.aws_s3_bucket_public_access_block.alb_logs" file="/alb_logs.tf"/>
		<testcase name="[NONE][CKV_AWS_216] Ensure CloudFront distribution is enabled" classname="/cloudfront.tf.aws_cloudfront_distribution.frontend" file="/cloudfront.tf"/>
		<testcase name="[NONE][CKV_AWS_305] Ensure CloudFront distribution has a default root object configured" classname="/cloudfront.tf.aws_cloudfront_distribution.frontend" file="/cloudfront.tf"/>
		<testcase name="[NONE][CKV_AWS_34] Ensure CloudFront distribution ViewerProtocolPolicy is set to HTTPS" classname="/cloudfront.tf.aws_cloudfront_distribution.frontend" file="/cloudfront.tf"/>
		<testcase name="[NONE][CKV_AWS_70] Ensure S3 bucket does not allow an action with any Principal" classname="/cloudfront.tf.aws_s3_bucket_policy.frontend" file="/cloudfront.tf"/>
		<testcase name="[NONE][CKV_AWS_93] Ensure S3 bucket policy does not lockout all but root user. (Prevent lockouts needing root account fixes)" classname="/cloudfront.tf.aws_s3_bucket_policy.frontend" file="/cloudfront.tf"/>
		<testcase name="[NONE][CKV_AWS_66] Ensure that CloudWatch Log Group specifies retention days" classname="/cloudwatch.tf.aws_cloudwatch_log_group.ecs_backend" file="/cloudwatch.tf"/>
		<testcase name="[NONE][CKV_AWS_66] Ensure that CloudWatch Log Group specifies retention days" classname="/cloudwatch.tf.aws_cloudwatch_log_group.vpc_flow_logs" file="/cloudwatch.tf"/>
		<testcase name="[NONE][CKV_AWS_393] Ensure AWS GitHub Actions OIDC authorization policies only allow safe claims and claim order on IAM role" classname="/cloudwatch.tf.aws_iam_role.vpc_flow_logs_role" file="/cloudwatch.tf"/>
		<testcase name="[NONE][CKV_AWS_274] Disallow IAM roles, users, and groups from using the AWS AdministratorAccess policy" classname="/cloudwatch.tf.aws_iam_role.vpc_flow_logs_role" file="/cloudwatch.tf"/>
		<testcase name="[NONE][CKV_AWS_61] Ensure AWS IAM policy does not allow assume role permission across all services" classname="/cloudwatch.tf.aws_iam_role.vpc_flow_logs_role" file="/cloudwatch.tf"/>
		<testcase name="[NONE][CKV_AWS_60] Ensure IAM role allows only specific services or principals to assume it" classname="/cloudwatch.tf.aws_iam_role.vpc_flow_logs_role" file="/cloudwatch.tf"/>
		<testcase name="[NONE][CKV_AWS_63] Ensure no IAM policies documents allow &quot;*&quot; as a statement's actions" classname="/cloudwatch.tf.aws_iam_role_policy.vpc_flow_logs_policy" file="/cloudwatch.tf"/>
		<testcase name="[NONE][CKV_AWS_62] Ensure IAM policies that allow full &quot;*-*&quot; administrative privileges are not created" classname="/cloudwatch.tf.aws_iam_role_policy.vpc_flow_logs_policy" file="/cloudwatch.tf"/>
		<testcase name="[NONE][CKV_AWS_289] Ensure IAM policies does not allow permissions management / resource exposure without constraints" classname="/cloudwatch.tf.aws_iam_role_policy.vpc_flow_logs_policy" file="/cloudwatch.tf"/>
		<testcase name="[NONE][CKV_AWS_286] Ensure IAM policies does not allow privilege escalation" classname="/cloudwatch.tf.aws_iam_role_policy.vpc_flow_logs_policy" file="/cloudwatch.tf"/>
		<testcase name="[NONE][CKV_AWS_288] Ensure IAM policies does not allow data exfiltration" classname="/cloudwatch.tf.aws_iam_role_policy.vpc_flow_logs_policy" file="/cloudwatch.tf"/>
		<testcase name="[NONE][CKV_AWS_287] Ensure IAM policies does not allow credentials exposure" classname="/cloudwatch.tf.aws_iam_role_policy.vpc_flow_logs_policy" file="/cloudwatch.tf"/>
		<testcase name="[NONE][CKV_AWS_74] Ensure DocumentDB is encrypted at rest (default is unencrypted)" classname="/documentdb.tf.aws_docdb_cluster.main" file="/documentdb.tf"/>
		<testcase name="[NONE][CKV_AWS_223] Ensure ECS Cluster enables logging of ECS Exec" classname="/ecs.tf.aws_ecs_cluster.main" file="/ecs.tf"/>
		<testcase name="[NONE][CKV_AWS_97] Ensure Encryption in transit is enabled for EFS volumes in ECS Task definitions" classname="/ecs.tf.aws_ecs_task_definition.backend" file="/ecs.tf"/>
		<testcase name="[NONE][CKV_AWS_249] Ensure that the Execution Role ARN and the Task Role ARN are different in ECS Task definitions" classname="/ecs.tf.aws_ecs_task_definition.backend" file="/ecs.tf"/>
		<testcase name="[NONE][CKV_AWS_335] Ensure ECS task definitions should not share the host's process namespace" classname="/ecs.tf.aws_ecs_task_definition.backend" file="/ecs.tf"/>
		<testcase name="[NONE][CKV_AWS_334] Ensure ECS containers should run as non-privileged" classname="/ecs.tf.aws_ecs_task_definition.backend" file="/ecs.tf"/>
		<testcase name="[NONE][CKV_AWS_332] Ensure ECS Fargate services run on the latest Fargate platform version" classname="/ecs.tf.aws_ecs_service.backend" file="/ecs.tf"/>
		<testcase name="[NONE][CKV_AWS_333] Ensure ECS services do not have public IP addresses assigned to them automatically" classname="/ecs.tf.aws_ecs_service.backend" file="/ecs.tf"/>
		<testcase name="[NONE][CKV_AWS_393] Ensure AWS GitHub Actions OIDC authorization policies only allow safe claims and claim order on IAM role" classname="/iam.tf.aws_iam_role.ecs_execution_role" file="/iam.tf"/>
		<testcase name="[NONE][CKV_AWS_274] Disallow IAM roles, users, and groups from using the AWS AdministratorAccess policy" classname="/iam.tf.aws_iam_role.ecs_execution_role" file="/iam.tf"/>
		<testcase name="[NONE][CKV_AWS_61] Ensure AWS IAM policy does not allow assume role permission across all services" classname="/iam.tf.aws_iam_role.ecs_execution_role" file="/iam.tf"/>
		<testcase name="[NONE][CKV_AWS_60] Ensure IAM role allows only specific services or principals to assume it" classname="/iam.tf.aws_iam_role.ecs_execution_role" file="/iam.tf"/>
		<testcase name="[NONE][CKV_AWS_274] Disallow IAM roles, users, and groups from using the AWS AdministratorAccess policy" classname="/iam.tf.aws_iam_role_policy_attachment.ecs_execution_policy" file="/iam.tf"/>
		<testcase name="[NONE][CKV_AWS_130] Ensure VPC subnets do not assign public IP by default" classname="/networking.tf.aws_subnet.private_a" file="/networking.tf"/>
		<testcase name="[NONE][CKV_AWS_130] Ensure VPC subnets do not assign public IP by default" classname="/networking.tf.aws_subnet.private_b" file="/networking.tf"/>
		<testcase name="[NONE][CKV_AWS_41] Ensure no hard coded AWS access key and secret key exists in provider" classname="/provider.tf.aws.default" file="/provider.tf"/>
		<testcase name="[NONE][CKV_AWS_93] Ensure S3 bucket policy does not lockout all but root user. (Prevent lockouts needing root account fixes)" classname="/s3.tf.aws_s3_bucket.frontend" file="/s3.tf"/>
		<testcase name="[NONE][CKV_AWS_55] Ensure S3 bucket has ignore public ACLs enabled" classname="/s3.tf.aws_s3_bucket_public_access_block.frontend" file="/s3.tf"/>
		<testcase name="[NONE][CKV_AWS_54] Ensure S3 bucket has block public policy enabled" classname="/s3.tf.aws_s3_bucket_public_access_block.frontend" file="/s3.tf"/>
		<testcase name="[NONE][CKV_AWS_56] Ensure S3 bucket has 'restrict_public_buckets' enabled" classname="/s3.tf.aws_s3_bucket_public_access_block.frontend" file="/s3.tf"/>
		<testcase name="[NONE][CKV_AWS_53] Ensure S3 bucket has block public ACLS enabled" classname="/s3.tf.aws_s3_bucket_public_access_block.frontend" file="/s3.tf"/>
		<testcase name="[NONE][CKV_AWS_277] Ensure no security groups allow ingress from 0.0.0.0:0 to port -1" classname="/security_groups.tf.aws_security_group.alb_sg" file="/security_groups.tf"/>
		<testcase name="[NONE][CKV_AWS_24] Ensure no security groups allow ingress from 0.0.0.0:0 to port 22" classname="/security_groups.tf.aws_security_group.alb_sg" file="/security_groups.tf"/>
		<testcase name="[NONE][CKV_AWS_25] Ensure no security groups allow ingress from 0.0.0.0:0 to port 3389" classname="/security_groups.tf.aws_security_group.alb_sg" file="/security_groups.tf"/>
		<testcase name="[NONE][CKV_AWS_260] Ensure no security groups allow ingress from 0.0.0.0:0 to port 80" classname="/security_groups.tf.aws_security_group.ecs_sg" file="/security_groups.tf"/>
		<testcase name="[NONE][CKV_AWS_277] Ensure no security groups allow ingress from 0.0.0.0:0 to port -1" classname="/security_groups.tf.aws_security_group.ecs_sg" file="/security_groups.tf"/>
		<testcase name="[NONE][CKV_AWS_24] Ensure no security groups allow ingress from 0.0.0.0:0 to port 22" classname="/security_groups.tf.aws_security_group.ecs_sg" file="/security_groups.tf"/>
		<testcase name="[NONE][CKV_AWS_25] Ensure no security groups allow ingress from 0.0.0.0:0 to port 3389" classname="/security_groups.tf.aws_security_group.ecs_sg" file="/security_groups.tf"/>
		<testcase name="[NONE][CKV_AWS_260] Ensure no security groups allow ingress from 0.0.0.0:0 to port 80" classname="/security_groups.tf.aws_security_group.documentdb_sg" file="/security_groups.tf"/>
		<testcase name="[NONE][CKV_AWS_277] Ensure no security groups allow ingress from 0.0.0.0:0 to port -1" classname="/security_groups.tf.aws_security_group.documentdb_sg" file="/security_groups.tf"/>
		<testcase name="[NONE][CKV_AWS_24] Ensure no security groups allow ingress from 0.0.0.0:0 to port 22" classname="/security_groups.tf.aws_security_group.documentdb_sg" file="/security_groups.tf"/>
		<testcase name="[NONE][CKV_AWS_25] Ensure no security groups allow ingress from 0.0.0.0:0 to port 3389" classname="/security_groups.tf.aws_security_group.documentdb_sg" file="/security_groups.tf"/>
		<testcase name="[NONE][CKV2_AWS_19] Ensure that all EIP addresses allocated to a VPC are attached to EC2 instances" classname="/networking.tf.aws_eip.nat_eip" file="/networking.tf"/>
		<testcase name="[NONE][CKV2_AWS_72] Ensure AWS CloudFront origin protocol policy enforces HTTPS-only" classname="/cloudfront.tf.aws_cloudfront_distribution.frontend" file="/cloudfront.tf"/>
		<testcase name="[NONE][CKV_AWS_20] S3 Bucket has an ACL defined which allows public READ access." classname="/alb_logs.tf.aws_s3_bucket.alb_logs" file="/alb_logs.tf"/>
		<testcase name="[NONE][CKV_AWS_20] S3 Bucket has an ACL defined which allows public READ access." classname="/s3.tf.aws_s3_bucket.frontend" file="/s3.tf"/>
		<testcase name="[NONE][CKV2_AWS_76] Ensure AWS ALB attached WAFv2 WebACL is configured with AMR for Log4j Vulnerability" classname="/alb.tf.aws_lb.main" file="/alb.tf"/>
		<testcase name="[NONE][CKV2_AWS_44] Ensure AWS route table with VPC peering does not contain routes overly permissive to all traffic" classname="/networking.tf.aws_route_table.public" file="/networking.tf"/>
		<testcase name="[NONE][CKV2_AWS_44] Ensure AWS route table with VPC peering does not contain routes overly permissive to all traffic" classname="/networking.tf.aws_route_table.private" file="/networking.tf"/>
		<testcase name="[NONE][CKV2_AWS_56] Ensure AWS Managed IAMFullAccess IAM policy is not used." classname="/cloudwatch.tf.aws_iam_role.vpc_flow_logs_role" file="/cloudwatch.tf"/>
		<testcase name="[NONE][CKV2_AWS_56] Ensure AWS Managed IAMFullAccess IAM policy is not used." classname="/iam.tf.aws_iam_role.ecs_execution_role" file="/iam.tf"/>
		<testcase name="[NONE][CKV2_AWS_56] Ensure AWS Managed IAMFullAccess IAM policy is not used." classname="/iam.tf.aws_iam_role_policy_attachment.ecs_execution_policy" file="/iam.tf"/>
		<testcase name="[NONE][CKV_AWS_19] Ensure all data stored in the S3 bucket is securely encrypted at rest" classname="/alb_logs.tf.aws_s3_bucket.alb_logs" file="/alb_logs.tf"/>
		<testcase name="[NONE][CKV_AWS_19] Ensure all data stored in the S3 bucket is securely encrypted at rest" classname="/s3.tf.aws_s3_bucket.frontend" file="/s3.tf"/>
		<testcase name="[NONE][CKV2_AWS_74] Ensure AWS Load Balancers use strong ciphers" classname="/alb.tf.aws_lb_listener.http" file="/alb.tf"/>
		<testcase name="[NONE][CKV2_AWS_54] Ensure AWS CloudFront distribution is using secure SSL protocols for HTTPS communication" classname="/cloudfront.tf.aws_cloudfront_distribution.frontend" file="/cloudfront.tf"/>
		<testcase name="[NONE][CKV2_AWS_40] Ensure AWS IAM policy does not allow full IAM privileges" classname="/cloudwatch.tf.aws_iam_role_policy.vpc_flow_logs_policy" file="/cloudwatch.tf"/>
		<testcase name="[NONE][CKV2_AWS_46] Ensure AWS CloudFront Distribution with S3 have Origin Access set to enabled" classname="/cloudfront.tf.aws_cloudfront_distribution.frontend" file="/cloudfront.tf"/>
		<testcase name="[NONE][CKV2_AWS_35] AWS NAT Gateways should be utilized for the default route" classname="/networking.tf.aws_route_table.public" file="/networking.tf"/>
		<testcase name="[NONE][CKV2_AWS_35] AWS NAT Gateways should be utilized for the default route" classname="/networking.tf.aws_route_table.private" file="/networking.tf"/>
		<testcase name="[NONE][CKV2_AWS_5] Ensure that Security Groups are attached to another resource" classname="/security_groups.tf.aws_security_group.alb_sg" file="/security_groups.tf"/>
		<testcase name="[NONE][CKV2_AWS_5] Ensure that Security Groups are attached to another resource" classname="/security_groups.tf.aws_security_group.documentdb_sg" file="/security_groups.tf"/>
		<testcase name="[NONE][CKV2_AWS_5] Ensure that Security Groups are attached to another resource" classname="/security_groups.tf.aws_security_group.ecs_sg" file="/security_groups.tf"/>
		<testcase name="[NONE][CKV2_AWS_11] Ensure VPC flow logging is enabled in all VPCs" classname="/networking.tf.aws_vpc.main" file="/networking.tf"/>
		<testcase name="[NONE][CKV_AWS_21] Ensure all data stored in the S3 bucket have versioning enabled" classname="/s3.tf.aws_s3_bucket.frontend" file="/s3.tf"/>
		<testcase name="[NONE][CKV2_AWS_6] Ensure that S3 bucket has a Public Access block" classname="/alb_logs.tf.aws_s3_bucket.alb_logs" file="/alb_logs.tf"/>
		<testcase name="[NONE][CKV2_AWS_6] Ensure that S3 bucket has a Public Access block" classname="/s3.tf.aws_s3_bucket.frontend" file="/s3.tf"/>
		<testcase name="[NONE][CKV2_AWS_20] Ensure that ALB redirects HTTP requests into HTTPS ones" classname="/alb.tf.aws_lb.main" file="/alb.tf"/>
		<testcase name="[NONE][CKV_AWS_57] S3 Bucket has an ACL defined which allows public WRITE access." classname="/alb_logs.tf.aws_s3_bucket.alb_logs" file="/alb_logs.tf"/>
		<testcase name="[NONE][CKV_AWS_57] S3 Bucket has an ACL defined which allows public WRITE access." classname="/s3.tf.aws_s3_bucket.frontend" file="/s3.tf"/>
		<testcase name="[NONE][CKV_AWS_103] Ensure that load balancer is using at least TLS 1.2" classname="/alb.tf.aws_lb_listener.http" file="/alb.tf"/>
		<testcase name="[NONE][CKV_AWS_68] CloudFront Distribution should have WAF enabled" classname="/cloudfront.tf.aws_cloudfront_distribution.frontend" file="/cloudfront.tf">
			<failure type="failure" message="CloudFront Distribution should have WAF enabled">
Resource: aws_cloudfront_distribution.frontend
File: /cloudfront.tf: 9-44
Guideline: https://docs.prismacloud.io/en/enterprise-edition/policy-reference/aws-policies/aws-general-policies/bc-aws-general-27

		9  | resource &quot;aws_cloudfront_distribution&quot; &quot;frontend&quot; {
		10 |   enabled             = true
		11 |   default_root_object = &quot;index.html&quot;
		12 | 
		13 |   origin {
		14 |     domain_name              = aws_s3_bucket.frontend.bucket_regional_domain_name
		15 |     origin_id                = &quot;frontend-s3-origin&quot;
		16 |     origin_access_control_id = aws_cloudfront_origin_access_control.frontend.id
		17 |   }
		18 | 
		19 |   default_cache_behavior {
		20 |     target_origin_id       = &quot;frontend-s3-origin&quot;
		21 |     viewer_protocol_policy = &quot;redirect-to-https&quot;
		22 | 
		23 |     allowed_methods = [&quot;GET&quot;, &quot;HEAD&quot;, &quot;OPTIONS&quot;]
		24 |     cached_methods  = [&quot;GET&quot;, &quot;HEAD&quot;]
		25 | 
		26 |     forwarded_values {
		27 |       query_string = false
		28 | 
		29 |       cookies {
		30 |         forward = &quot;none&quot;
		31 |       }
		32 |     }
		33 |   }
		34 | 
		35 |   restrictions {
		36 |     geo_restriction {
		37 |       restriction_type = &quot;none&quot;
		38 |     }
		39 |   }
		40 | 
		41 |   viewer_certificate {
		42 |     cloudfront_default_certificate = true
		43 |   }
		44 | }
</failure>
		</testcase>
		<testcase name="[NONE][CKV_AWS_86] Ensure CloudFront distribution has Access Logging enabled" classname="/cloudfront.tf.aws_cloudfront_distribution.frontend" file="/cloudfront.tf">
			<failure type="failure" message="Ensure CloudFront distribution has Access Logging enabled">
Resource: aws_cloudfront_distribution.frontend
File: /cloudfront.tf: 9-44
Guideline: https://docs.prismacloud.io/en/enterprise-edition/policy-reference/aws-policies/aws-logging-policies/logging-20

		9  | resource &quot;aws_cloudfront_distribution&quot; &quot;frontend&quot; {
		10 |   enabled             = true
		11 |   default_root_object = &quot;index.html&quot;
		12 | 
		13 |   origin {
		14 |     domain_name              = aws_s3_bucket.frontend.bucket_regional_domain_name
		15 |     origin_id                = &quot;frontend-s3-origin&quot;
		16 |     origin_access_control_id = aws_cloudfront_origin_access_control.frontend.id
		17 |   }
		18 | 
		19 |   default_cache_behavior {
		20 |     target_origin_id       = &quot;frontend-s3-origin&quot;
		21 |     viewer_protocol_policy = &quot;redirect-to-https&quot;
		22 | 
		23 |     allowed_methods = [&quot;GET&quot;, &quot;HEAD&quot;, &quot;OPTIONS&quot;]
		24 |     cached_methods  = [&quot;GET&quot;, &quot;HEAD&quot;]
		25 | 
		26 |     forwarded_values {
		27 |       query_string = false
		28 | 
		29 |       cookies {
		30 |         forward = &quot;none&quot;
		31 |       }
		32 |     }
		33 |   }
		34 | 
		35 |   restrictions {
		36 |     geo_restriction {
		37 |       restriction_type = &quot;none&quot;
		38 |     }
		39 |   }
		40 | 
		41 |   viewer_certificate {
		42 |     cloudfront_default_certificate = true
		43 |   }
		44 | }
</failure>
		</testcase>
		<testcase name="[NONE][CKV_AWS_310] Ensure CloudFront distributions should have origin failover configured" classname="/cloudfront.tf.aws_cloudfront_distribution.frontend" file="/cloudfront.tf">
			<failure type="failure" message="Ensure CloudFront distributions should have origin failover configured">
Resource: aws_cloudfront_distribution.frontend
File: /cloudfront.tf: 9-44
Guideline: https://docs.prismacloud.io/en/enterprise-edition/policy-reference/aws-policies/aws-general-policies/bc-aws-310

		9  | resource &quot;aws_cloudfront_distribution&quot; &quot;frontend&quot; {
		10 |   enabled             = true
		11 |   default_root_object = &quot;index.html&quot;
		12 | 
		13 |   origin {
		14 |     domain_name              = aws_s3_bucket.frontend.bucket_regional_domain_name
		15 |     origin_id                = &quot;frontend-s3-origin&quot;
		16 |     origin_access_control_id = aws_cloudfront_origin_access_control.frontend.id
		17 |   }
		18 | 
		19 |   default_cache_behavior {
		20 |     target_origin_id       = &quot;frontend-s3-origin&quot;
		21 |     viewer_protocol_policy = &quot;redirect-to-https&quot;
		22 | 
		23 |     allowed_methods = [&quot;GET&quot;, &quot;HEAD&quot;, &quot;OPTIONS&quot;]
		24 |     cached_methods  = [&quot;GET&quot;, &quot;HEAD&quot;]
		25 | 
		26 |     forwarded_values {
		27 |       query_string = false
		28 | 
		29 |       cookies {
		30 |         forward = &quot;none&quot;
		31 |       }
		32 |     }
		33 |   }
		34 | 
		35 |   restrictions {
		36 |     geo_restriction {
		37 |       restriction_type = &quot;none&quot;
		38 |     }
		39 |   }
		40 | 
		41 |   viewer_certificate {
		42 |     cloudfront_default_certificate = true
		43 |   }
		44 | }
</failure>
		</testcase>
		<testcase name="[NONE][CKV_AWS_174] Verify CloudFront Distribution Viewer Certificate is using TLS v1.2 or higher" classname="/cloudfront.tf.aws_cloudfront_distribution.frontend" file="/cloudfront.tf">
			<failure type="failure" message="Verify CloudFront Distribution Viewer Certificate is using TLS v1.2 or higher">
Resource: aws_cloudfront_distribution.frontend
File: /cloudfront.tf: 9-44
Guideline: https://docs.prismacloud.io/en/enterprise-edition/policy-reference/aws-policies/aws-networking-policies/bc-aws-networking-63

		9  | resource &quot;aws_cloudfront_distribution&quot; &quot;frontend&quot; {
		10 |   enabled             = true
		11 |   default_root_object = &quot;index.html&quot;
		12 | 
		13 |   origin {
		14 |     domain_name              = aws_s3_bucket.frontend.bucket_regional_domain_name
		15 |     origin_id                = &quot;frontend-s3-origin&quot;
		16 |     origin_access_control_id = aws_cloudfront_origin_access_control.frontend.id
		17 |   }
		18 | 
		19 |   default_cache_behavior {
		20 |     target_origin_id       = &quot;frontend-s3-origin&quot;
		21 |     viewer_protocol_policy = &quot;redirect-to-https&quot;
		22 | 
		23 |     allowed_methods = [&quot;GET&quot;, &quot;HEAD&quot;, &quot;OPTIONS&quot;]
		24 |     cached_methods  = [&quot;GET&quot;, &quot;HEAD&quot;]
		25 | 
		26 |     forwarded_values {
		27 |       query_string = false
		28 | 
		29 |       cookies {
		30 |         forward = &quot;none&quot;
		31 |       }
		32 |     }
		33 |   }
		34 | 
		35 |   restrictions {
		36 |     geo_restriction {
		37 |       restriction_type = &quot;none&quot;
		38 |     }
		39 |   }
		40 | 
		41 |   viewer_certificate {
		42 |     cloudfront_default_certificate = true
		43 |   }
		44 | }
</failure>
		</testcase>
		<testcase name="[NONE][CKV_AWS_374] Ensure AWS CloudFront web distribution has geo restriction enabled" classname="/cloudfront.tf.aws_cloudfront_distribution.frontend" file="/cloudfront.tf">
			<failure type="failure" message="Ensure AWS CloudFront web distribution has geo restriction enabled">
Resource: aws_cloudfront_distribution.frontend
File: /cloudfront.tf: 9-44
Guideline: https://docs.prismacloud.io/en/enterprise-edition/policy-reference/aws-policies/aws-networking-policies/bc-aws-374

		9  | resource &quot;aws_cloudfront_distribution&quot; &quot;frontend&quot; {
		10 |   enabled             = true
		11 |   default_root_object = &quot;index.html&quot;
		12 | 
		13 |   origin {
		14 |     domain_name              = aws_s3_bucket.frontend.bucket_regional_domain_name
		15 |     origin_id                = &quot;frontend-s3-origin&quot;
		16 |     origin_access_control_id = aws_cloudfront_origin_access_control.frontend.id
		17 |   }
		18 | 
		19 |   default_cache_behavior {
		20 |     target_origin_id       = &quot;frontend-s3-origin&quot;
		21 |     viewer_protocol_policy = &quot;redirect-to-https&quot;
		22 | 
		23 |     allowed_methods = [&quot;GET&quot;, &quot;HEAD&quot;, &quot;OPTIONS&quot;]
		24 |     cached_methods  = [&quot;GET&quot;, &quot;HEAD&quot;]
		25 | 
		26 |     forwarded_values {
		27 |       query_string = false
		28 | 
		29 |       cookies {
		30 |         forward = &quot;none&quot;
		31 |       }
		32 |     }
		33 |   }
		34 | 
		35 |   restrictions {
		36 |     geo_restriction {
		37 |       restriction_type = &quot;none&quot;
		38 |     }
		39 |   }
		40 | 
		41 |   viewer_certificate {
		42 |     cloudfront_default_certificate = true
		43 |   }
		44 | }
</failure>
		</testcase>
		<testcase name="[NONE][CKV_AWS_158] Ensure that CloudWatch Log Group is encrypted by KMS" classname="/cloudwatch.tf.aws_cloudwatch_log_group.ecs_backend" file="/cloudwatch.tf">
			<failure type="failure" message="Ensure that CloudWatch Log Group is encrypted by KMS">
Resource: aws_cloudwatch_log_group.ecs_backend
File: /cloudwatch.tf: 1-4
Guideline: https://docs.prismacloud.io/en/enterprise-edition/policy-reference/aws-policies/aws-general-policies/ensure-that-cloudwatch-log-group-is-encrypted-by-kms

		1 | resource &quot;aws_cloudwatch_log_group&quot; &quot;ecs_backend&quot; {
		2 |   name              = &quot;/ecs/${var.project_name}-backend&quot;
		3 |   retention_in_days = 7
		4 | }
</failure>
		</testcase>
		<testcase name="[NONE][CKV_AWS_338] Ensure CloudWatch log groups retains logs for at least 1 year" classname="/cloudwatch.tf.aws_cloudwatch_log_group.ecs_backend" file="/cloudwatch.tf">
			<failure type="failure" message="Ensure CloudWatch log groups retains logs for at least 1 year">
Resource: aws_cloudwatch_log_group.ecs_backend
File: /cloudwatch.tf: 1-4
Guideline: https://docs.prismacloud.io/en/enterprise-edition/policy-reference/aws-policies/aws-logging-policies/bc-aws-338

		1 | resource &quot;aws_cloudwatch_log_group&quot; &quot;ecs_backend&quot; {
		2 |   name              = &quot;/ecs/${var.project_name}-backend&quot;
		3 |   retention_in_days = 7
		4 | }
</failure>
		</testcase>
		<testcase name="[NONE][CKV_AWS_158] Ensure that CloudWatch Log Group is encrypted by KMS" classname="/cloudwatch.tf.aws_cloudwatch_log_group.vpc_flow_logs" file="/cloudwatch.tf">
			<failure type="failure" message="Ensure that CloudWatch Log Group is encrypted by KMS">
Resource: aws_cloudwatch_log_group.vpc_flow_logs
File: /cloudwatch.tf: 6-9
Guideline: https://docs.prismacloud.io/en/enterprise-edition/policy-reference/aws-policies/aws-general-policies/ensure-that-cloudwatch-log-group-is-encrypted-by-kms

		6 | resource &quot;aws_cloudwatch_log_group&quot; &quot;vpc_flow_logs&quot; {
		7 |   name              = &quot;/vpc/${var.project_name}-flow-logs&quot;
		8 |   retention_in_days = 7
		9 | }
</failure>
		</testcase>
		<testcase name="[NONE][CKV_AWS_338] Ensure CloudWatch log groups retains logs for at least 1 year" classname="/cloudwatch.tf.aws_cloudwatch_log_group.vpc_flow_logs" file="/cloudwatch.tf">
			<failure type="failure" message="Ensure CloudWatch log groups retains logs for at least 1 year">
Resource: aws_cloudwatch_log_group.vpc_flow_logs
File: /cloudwatch.tf: 6-9
Guideline: https://docs.prismacloud.io/en/enterprise-edition/policy-reference/aws-policies/aws-logging-policies/bc-aws-338

		6 | resource &quot;aws_cloudwatch_log_group&quot; &quot;vpc_flow_logs&quot; {
		7 |   name              = &quot;/vpc/${var.project_name}-flow-logs&quot;
		8 |   retention_in_days = 7
		9 | }
</failure>
		</testcase>
		<testcase name="[NONE][CKV_AWS_355] Ensure no IAM policies documents allow &quot;*&quot; as a statement's resource for restrictable actions" classname="/cloudwatch.tf.aws_iam_role_policy.vpc_flow_logs_policy" file="/cloudwatch.tf">
			<failure type="failure" message="Ensure no IAM policies documents allow &quot;*&quot; as a statement's resource for restrictable actions">
Resource: aws_iam_role_policy.vpc_flow_logs_policy
File: /cloudwatch.tf: 28-47
Guideline: https://docs.prismacloud.io/en/enterprise-edition/policy-reference/aws-policies/aws-iam-policies/bc-aws-355

		28 | resource &quot;aws_iam_role_policy&quot; &quot;vpc_flow_logs_policy&quot; {
		29 |   name = &quot;${var.project_name}-vpc-flow-logs-policy&quot;
		30 |   role = aws_iam_role.vpc_flow_logs_role.id
		31 | 
		32 |   policy = jsonencode({
		33 |     Version = &quot;2012-10-17&quot;
		34 |     Statement = [
		35 |       {
		36 |         Effect = &quot;Allow&quot;
		37 |         Action = [
		38 |           &quot;logs:CreateLogStream&quot;,
		39 |           &quot;logs:PutLogEvents&quot;,
		40 |           &quot;logs:DescribeLogGroups&quot;,
		41 |           &quot;logs:DescribeLogStreams&quot;
		42 |         ]
		43 |         Resource = &quot;*&quot;
		44 |       }
		45 |     ]
		46 |   })
		47 | }
</failure>
		</testcase>
		<testcase name="[NONE][CKV_AWS_290] Ensure IAM policies does not allow write access without constraints" classname="/cloudwatch.tf.aws_iam_role_policy.vpc_flow_logs_policy" file="/cloudwatch.tf">
			<failure type="failure" message="Ensure IAM policies does not allow write access without constraints">
Resource: aws_iam_role_policy.vpc_flow_logs_policy
File: /cloudwatch.tf: 28-47
Guideline: https://docs.prismacloud.io/en/enterprise-edition/policy-reference/aws-policies/aws-iam-policies/bc-aws-290

		28 | resource &quot;aws_iam_role_policy&quot; &quot;vpc_flow_logs_policy&quot; {
		29 |   name = &quot;${var.project_name}-vpc-flow-logs-policy&quot;
		30 |   role = aws_iam_role.vpc_flow_logs_role.id
		31 | 
		32 |   policy = jsonencode({
		33 |     Version = &quot;2012-10-17&quot;
		34 |     Statement = [
		35 |       {
		36 |         Effect = &quot;Allow&quot;
		37 |         Action = [
		38 |           &quot;logs:CreateLogStream&quot;,
		39 |           &quot;logs:PutLogEvents&quot;,
		40 |           &quot;logs:DescribeLogGroups&quot;,
		41 |           &quot;logs:DescribeLogStreams&quot;
		42 |         ]
		43 |         Resource = &quot;*&quot;
		44 |       }
		45 |     ]
		46 |   })
		47 | }
</failure>
		</testcase>
		<testcase name="[NONE][CKV_AWS_104] Ensure DocumentDB has audit logs enabled" classname="/documentdb.tf.aws_docdb_cluster_parameter_group.main" file="/documentdb.tf">
			<failure type="failure" message="Ensure DocumentDB has audit logs enabled">
Resource: aws_docdb_cluster_parameter_group.main
File: /documentdb.tf: 10-18
Guideline: https://docs.prismacloud.io/en/enterprise-edition/policy-reference/aws-policies/aws-general-policies/ensure-docdb-has-audit-logs-enabled

		10 | resource &quot;aws_docdb_cluster_parameter_group&quot; &quot;main&quot; {
		11 |   family = &quot;docdb5.0&quot;
		12 |   name   = &quot;${var.project_name}-docdb-params&quot;
		13 | 
		14 |   parameter {
		15 |     name  = &quot;tls&quot;
		16 |     value = &quot;disabled&quot;
		17 |   }
		18 | }
</failure>
		</testcase>
		<testcase name="[NONE][CKV_AWS_90] Ensure DocumentDB TLS is not disabled" classname="/documentdb.tf.aws_docdb_cluster_parameter_group.main" file="/documentdb.tf">
			<failure type="failure" message="Ensure DocumentDB TLS is not disabled">
Resource: aws_docdb_cluster_parameter_group.main
File: /documentdb.tf: 10-18
Guideline: https://docs.prismacloud.io/en/enterprise-edition/policy-reference/aws-policies/aws-networking-policies/bc-aws-networking-37

		10 | resource &quot;aws_docdb_cluster_parameter_group&quot; &quot;main&quot; {
		11 |   family = &quot;docdb5.0&quot;
		12 |   name   = &quot;${var.project_name}-docdb-params&quot;
		13 | 
		14 |   parameter {
		15 |     name  = &quot;tls&quot;
		16 |     value = &quot;disabled&quot;
		17 |   }
		18 | }
</failure>
		</testcase>
		<testcase name="[NONE][CKV_AWS_360] Ensure DocumentDB has an adequate backup retention period" classname="/documentdb.tf.aws_docdb_cluster.main" file="/documentdb.tf">
			<failure type="failure" message="Ensure DocumentDB has an adequate backup retention period">
Resource: aws_docdb_cluster.main
File: /documentdb.tf: 20-31
Guideline: https://docs.prismacloud.io/en/enterprise-edition/policy-reference/aws-policies/aws-general-policies/bc-aws-360

		20 | resource &quot;aws_docdb_cluster&quot; &quot;main&quot; {
		21 |   cluster_identifier              = &quot;${var.project_name}-docdb&quot;
		22 |   engine                          = &quot;docdb&quot;
		23 |   master_username                 = var.db_username
		24 |   master_password                 = var.db_password
		25 |   db_subnet_group_name            = aws_docdb_subnet_group.main.name
		26 |   vpc_security_group_ids          = [aws_security_group.documentdb_sg.id]
		27 |   db_cluster_parameter_group_name = aws_docdb_cluster_parameter_group.main.name
		28 | 
		29 |   skip_final_snapshot = true
		30 |   storage_encrypted   = true
		31 | }
</failure>
		</testcase>
		<testcase name="[NONE][CKV_AWS_182] Ensure DocumentDB is encrypted by KMS using a customer managed Key (CMK)" classname="/documentdb.tf.aws_docdb_cluster.main" file="/documentdb.tf">
			<failure type="failure" message="Ensure DocumentDB is encrypted by KMS using a customer managed Key (CMK)">
Resource: aws_docdb_cluster.main
File: /documentdb.tf: 20-31
Guideline: https://docs.prismacloud.io/en/enterprise-edition/policy-reference/aws-policies/aws-general-policies/bc-aws-general-102

		20 | resource &quot;aws_docdb_cluster&quot; &quot;main&quot; {
		21 |   cluster_identifier              = &quot;${var.project_name}-docdb&quot;
		22 |   engine                          = &quot;docdb&quot;
		23 |   master_username                 = var.db_username
		24 |   master_password                 = var.db_password
		25 |   db_subnet_group_name            = aws_docdb_subnet_group.main.name
		26 |   vpc_security_group_ids          = [aws_security_group.documentdb_sg.id]
		27 |   db_cluster_parameter_group_name = aws_docdb_cluster_parameter_group.main.name
		28 | 
		29 |   skip_final_snapshot = true
		30 |   storage_encrypted   = true
		31 | }
</failure>
		</testcase>
		<testcase name="[NONE][CKV_AWS_85] Ensure DocumentDB Logging is enabled" classname="/documentdb.tf.aws_docdb_cluster.main" file="/documentdb.tf">
			<failure type="failure" message="Ensure DocumentDB Logging is enabled">
Resource: aws_docdb_cluster.main
File: /documentdb.tf: 20-31
Guideline: https://docs.prismacloud.io/en/enterprise-edition/policy-reference/aws-policies/aws-logging-policies/logging-19

		20 | resource &quot;aws_docdb_cluster&quot; &quot;main&quot; {
		21 |   cluster_identifier              = &quot;${var.project_name}-docdb&quot;
		22 |   engine                          = &quot;docdb&quot;
		23 |   master_username                 = var.db_username
		24 |   master_password                 = var.db_password
		25 |   db_subnet_group_name            = aws_docdb_subnet_group.main.name
		26 |   vpc_security_group_ids          = [aws_security_group.documentdb_sg.id]
		27 |   db_cluster_parameter_group_name = aws_docdb_cluster_parameter_group.main.name
		28 | 
		29 |   skip_final_snapshot = true
		30 |   storage_encrypted   = true
		31 | }
</failure>
		</testcase>
		<testcase name="[NONE][CKV_AWS_163] Ensure ECR image scanning on push is enabled" classname="/ecr.tf.aws_ecr_repository.backend" file="/ecr.tf">
			<failure type="failure" message="Ensure ECR image scanning on push is enabled">
Resource: aws_ecr_repository.backend
File: /ecr.tf: 1-8
Guideline: https://docs.prismacloud.io/en/enterprise-edition/policy-reference/aws-policies/aws-general-policies/general-8

		1 | resource &quot;aws_ecr_repository&quot; &quot;backend&quot; {
		2 | 
		3 |   name = &quot;prontosalud-backend&quot;
		4 | 
		5 |   image_tag_mutability = &quot;MUTABLE&quot;
		6 | 
		7 |   force_delete = true
		8 | }</failure>
		</testcase>
		<testcase name="[NONE][CKV_AWS_51] Ensure ECR Image Tags are immutable" classname="/ecr.tf.aws_ecr_repository.backend" file="/ecr.tf">
			<failure type="failure" message="Ensure ECR Image Tags are immutable">
Resource: aws_ecr_repository.backend
File: /ecr.tf: 1-8
Guideline: https://docs.prismacloud.io/en/enterprise-edition/policy-reference/aws-policies/aws-general-policies/bc-aws-general-24

		1 | resource &quot;aws_ecr_repository&quot; &quot;backend&quot; {
		2 | 
		3 |   name = &quot;prontosalud-backend&quot;
		4 | 
		5 |   image_tag_mutability = &quot;MUTABLE&quot;
		6 | 
		7 |   force_delete = true
		8 | }</failure>
		</testcase>
		<testcase name="[NONE][CKV_AWS_136] Ensure that ECR repositories are encrypted using KMS" classname="/ecr.tf.aws_ecr_repository.backend" file="/ecr.tf">
			<failure type="failure" message="Ensure that ECR repositories are encrypted using KMS">
Resource: aws_ecr_repository.backend
File: /ecr.tf: 1-8
Guideline: https://docs.prismacloud.io/en/enterprise-edition/policy-reference/aws-policies/aws-general-policies/ensure-that-ecr-repositories-are-encrypted

		1 | resource &quot;aws_ecr_repository&quot; &quot;backend&quot; {
		2 | 
		3 |   name = &quot;prontosalud-backend&quot;
		4 | 
		5 |   image_tag_mutability = &quot;MUTABLE&quot;
		6 | 
		7 |   force_delete = true
		8 | }</failure>
		</testcase>
		<testcase name="[NONE][CKV_AWS_65] Ensure container insights are enabled on ECS cluster" classname="/ecs.tf.aws_ecs_cluster.main" file="/ecs.tf">
			<failure type="failure" message="Ensure container insights are enabled on ECS cluster">
Resource: aws_ecs_cluster.main
File: /ecs.tf: 1-3
Guideline: https://docs.prismacloud.io/en/enterprise-edition/policy-reference/aws-policies/aws-logging-policies/bc-aws-logging-11

		1 | resource &quot;aws_ecs_cluster&quot; &quot;main&quot; {
		2 |   name = &quot;prontosalud-cluster&quot;
		3 | }
</failure>
		</testcase>
		<testcase name="[NONE][CKV_AWS_336] Ensure ECS containers are limited to read-only access to root filesystems" classname="/ecs.tf.aws_ecs_task_definition.backend" file="/ecs.tf">
			<failure type="failure" message="Ensure ECS containers are limited to read-only access to root filesystems">
Resource: aws_ecs_task_definition.backend
File: /ecs.tf: 5-56
Guideline: https://docs.prismacloud.io/en/enterprise-edition/policy-reference/aws-policies/aws-general-policies/bc-aws-336

		Code lines for this resource are too many. Please use IDE of your choice to review the file.</failure>
		</testcase>
		<testcase name="[NONE][CKV_AWS_130] Ensure VPC subnets do not assign public IP by default" classname="/networking.tf.aws_subnet.public_a" file="/networking.tf">
			<failure type="failure" message="Ensure VPC subnets do not assign public IP by default">
Resource: aws_subnet.public_a
File: /networking.tf: 29-39
Guideline: https://docs.prismacloud.io/en/enterprise-edition/policy-reference/aws-policies/aws-networking-policies/ensure-vpc-subnets-do-not-assign-public-ip-by-default

		29 | resource &quot;aws_subnet&quot; &quot;public_a&quot; {
		30 | 
		31 |   vpc_id                  = aws_vpc.main.id
		32 |   cidr_block              = &quot;10.0.1.0/24&quot;
		33 |   availability_zone       = &quot;us-east-1a&quot;
		34 |   map_public_ip_on_launch = true
		35 | 
		36 |   tags = {
		37 |     Name = &quot;public-a&quot;
		38 |   }
		39 | }
</failure>
		</testcase>
		<testcase name="[NONE][CKV_AWS_130] Ensure VPC subnets do not assign public IP by default" classname="/networking.tf.aws_subnet.public_b" file="/networking.tf">
			<failure type="failure" message="Ensure VPC subnets do not assign public IP by default">
Resource: aws_subnet.public_b
File: /networking.tf: 41-51
Guideline: https://docs.prismacloud.io/en/enterprise-edition/policy-reference/aws-policies/aws-networking-policies/ensure-vpc-subnets-do-not-assign-public-ip-by-default

		41 | resource &quot;aws_subnet&quot; &quot;public_b&quot; {
		42 | 
		43 |   vpc_id                  = aws_vpc.main.id
		44 |   cidr_block              = &quot;10.0.2.0/24&quot;
		45 |   availability_zone       = &quot;us-east-1b&quot;
		46 |   map_public_ip_on_launch = true
		47 | 
		48 |   tags = {
		49 |     Name = &quot;public-b&quot;
		50 |   }
		51 | }
</failure>
		</testcase>
		<testcase name="[NONE][CKV_AWS_23] Ensure every security group and rule has a description" classname="/security_groups.tf.aws_security_group.alb_sg" file="/security_groups.tf">
			<failure type="failure" message="Ensure every security group and rule has a description">
Resource: aws_security_group.alb_sg
File: /security_groups.tf: 5-43
Guideline: https://docs.prismacloud.io/en/enterprise-edition/policy-reference/aws-policies/aws-networking-policies/networking-31

		5  | resource &quot;aws_security_group&quot; &quot;alb_sg&quot; {
		6  | 
		7  |   name = &quot;alb-sg&quot;
		8  | 
		9  |   vpc_id = aws_vpc.main.id
		10 | 
		11 |   ingress {
		12 | 
		13 |     from_port = 80
		14 | 
		15 |     to_port = 80
		16 | 
		17 |     protocol = &quot;tcp&quot;
		18 | 
		19 |     cidr_blocks = [&quot;0.0.0.0/0&quot;]
		20 |   }
		21 | 
		22 |   ingress {
		23 | 
		24 |     from_port = 443
		25 | 
		26 |     to_port = 443
		27 | 
		28 |     protocol = &quot;tcp&quot;
		29 | 
		30 |     cidr_blocks = [&quot;0.0.0.0/0&quot;]
		31 |   }
		32 | 
		33 |   egress {
		34 | 
		35 |     from_port = 0
		36 | 
		37 |     to_port = 0
		38 | 
		39 |     protocol = &quot;-1&quot;
		40 | 
		41 |     cidr_blocks = [&quot;0.0.0.0/0&quot;]
		42 |   }
		43 | }
</failure>
		</testcase>
		<testcase name="[NONE][CKV_AWS_260] Ensure no security groups allow ingress from 0.0.0.0:0 to port 80" classname="/security_groups.tf.aws_security_group.alb_sg" file="/security_groups.tf">
			<failure type="failure" message="Ensure no security groups allow ingress from 0.0.0.0:0 to port 80">
Resource: aws_security_group.alb_sg
File: /security_groups.tf: 5-43
Guideline: https://docs.prismacloud.io/en/enterprise-edition/policy-reference/aws-policies/aws-networking-policies/ensure-aws-security-groups-do-not-allow-ingress-from-00000-to-port-80

		5  | resource &quot;aws_security_group&quot; &quot;alb_sg&quot; {
		6  | 
		7  |   name = &quot;alb-sg&quot;
		8  | 
		9  |   vpc_id = aws_vpc.main.id
		10 | 
		11 |   ingress {
		12 | 
		13 |     from_port = 80
		14 | 
		15 |     to_port = 80
		16 | 
		17 |     protocol = &quot;tcp&quot;
		18 | 
		19 |     cidr_blocks = [&quot;0.0.0.0/0&quot;]
		20 |   }
		21 | 
		22 |   ingress {
		23 | 
		24 |     from_port = 443
		25 | 
		26 |     to_port = 443
		27 | 
		28 |     protocol = &quot;tcp&quot;
		29 | 
		30 |     cidr_blocks = [&quot;0.0.0.0/0&quot;]
		31 |   }
		32 | 
		33 |   egress {
		34 | 
		35 |     from_port = 0
		36 | 
		37 |     to_port = 0
		38 | 
		39 |     protocol = &quot;-1&quot;
		40 | 
		41 |     cidr_blocks = [&quot;0.0.0.0/0&quot;]
		42 |   }
		43 | }
</failure>
		</testcase>
		<testcase name="[NONE][CKV_AWS_382] Ensure no security groups allow egress from 0.0.0.0:0 to port -1" classname="/security_groups.tf.aws_security_group.alb_sg" file="/security_groups.tf">
			<failure type="failure" message="Ensure no security groups allow egress from 0.0.0.0:0 to port -1">
Resource: aws_security_group.alb_sg
File: /security_groups.tf: 5-43
Guideline: https://docs.prismacloud.io/en/enterprise-edition/policy-reference/aws-policies/aws-networking-policies/bc-aws-382

		5  | resource &quot;aws_security_group&quot; &quot;alb_sg&quot; {
		6  | 
		7  |   name = &quot;alb-sg&quot;
		8  | 
		9  |   vpc_id = aws_vpc.main.id
		10 | 
		11 |   ingress {
		12 | 
		13 |     from_port = 80
		14 | 
		15 |     to_port = 80
		16 | 
		17 |     protocol = &quot;tcp&quot;
		18 | 
		19 |     cidr_blocks = [&quot;0.0.0.0/0&quot;]
		20 |   }
		21 | 
		22 |   ingress {
		23 | 
		24 |     from_port = 443
		25 | 
		26 |     to_port = 443
		27 | 
		28 |     protocol = &quot;tcp&quot;
		29 | 
		30 |     cidr_blocks = [&quot;0.0.0.0/0&quot;]
		31 |   }
		32 | 
		33 |   egress {
		34 | 
		35 |     from_port = 0
		36 | 
		37 |     to_port = 0
		38 | 
		39 |     protocol = &quot;-1&quot;
		40 | 
		41 |     cidr_blocks = [&quot;0.0.0.0/0&quot;]
		42 |   }
		43 | }
</failure>
		</testcase>
		<testcase name="[NONE][CKV_AWS_23] Ensure every security group and rule has a description" classname="/security_groups.tf.aws_security_group.ecs_sg" file="/security_groups.tf">
			<failure type="failure" message="Ensure every security group and rule has a description">
Resource: aws_security_group.ecs_sg
File: /security_groups.tf: 49-78
Guideline: https://docs.prismacloud.io/en/enterprise-edition/policy-reference/aws-policies/aws-networking-policies/networking-31

		49 | resource &quot;aws_security_group&quot; &quot;ecs_sg&quot; {
		50 | 
		51 |   name = &quot;ecs-sg&quot;
		52 | 
		53 |   vpc_id = aws_vpc.main.id
		54 | 
		55 |   ingress {
		56 | 
		57 |     from_port = 3000
		58 | 
		59 |     to_port = 3000
		60 | 
		61 |     protocol = &quot;tcp&quot;
		62 | 
		63 |     security_groups = [
		64 |       aws_security_group.alb_sg.id
		65 |     ]
		66 |   }
		67 | 
		68 |   egress {
		69 | 
		70 |     from_port = 0
		71 | 
		72 |     to_port = 0
		73 | 
		74 |     protocol = &quot;-1&quot;
		75 | 
		76 |     cidr_blocks = [&quot;0.0.0.0/0&quot;]
		77 |   }
		78 | }
</failure>
		</testcase>
		<testcase name="[NONE][CKV_AWS_382] Ensure no security groups allow egress from 0.0.0.0:0 to port -1" classname="/security_groups.tf.aws_security_group.ecs_sg" file="/security_groups.tf">
			<failure type="failure" message="Ensure no security groups allow egress from 0.0.0.0:0 to port -1">
Resource: aws_security_group.ecs_sg
File: /security_groups.tf: 49-78
Guideline: https://docs.prismacloud.io/en/enterprise-edition/policy-reference/aws-policies/aws-networking-policies/bc-aws-382

		49 | resource &quot;aws_security_group&quot; &quot;ecs_sg&quot; {
		50 | 
		51 |   name = &quot;ecs-sg&quot;
		52 | 
		53 |   vpc_id = aws_vpc.main.id
		54 | 
		55 |   ingress {
		56 | 
		57 |     from_port = 3000
		58 | 
		59 |     to_port = 3000
		60 | 
		61 |     protocol = &quot;tcp&quot;
		62 | 
		63 |     security_groups = [
		64 |       aws_security_group.alb_sg.id
		65 |     ]
		66 |   }
		67 | 
		68 |   egress {
		69 | 
		70 |     from_port = 0
		71 | 
		72 |     to_port = 0
		73 | 
		74 |     protocol = &quot;-1&quot;
		75 | 
		76 |     cidr_blocks = [&quot;0.0.0.0/0&quot;]
		77 |   }
		78 | }
</failure>
		</testcase>
		<testcase name="[NONE][CKV_AWS_23] Ensure every security group and rule has a description" classname="/security_groups.tf.aws_security_group.documentdb_sg" file="/security_groups.tf">
			<failure type="failure" message="Ensure every security group and rule has a description">
Resource: aws_security_group.documentdb_sg
File: /security_groups.tf: 84-113
Guideline: https://docs.prismacloud.io/en/enterprise-edition/policy-reference/aws-policies/aws-networking-policies/networking-31

		84  | resource &quot;aws_security_group&quot; &quot;documentdb_sg&quot; {
		85  | 
		86  |   name = &quot;documentdb-sg&quot;
		87  | 
		88  |   vpc_id = aws_vpc.main.id
		89  | 
		90  |   ingress {
		91  | 
		92  |     from_port = 27017
		93  | 
		94  |     to_port = 27017
		95  | 
		96  |     protocol = &quot;tcp&quot;
		97  | 
		98  |     security_groups = [
		99  |       aws_security_group.ecs_sg.id
		100 |     ]
		101 |   }
		102 | 
		103 |   egress {
		104 | 
		105 |     from_port = 0
		106 | 
		107 |     to_port = 0
		108 | 
		109 |     protocol = &quot;-1&quot;
		110 | 
		111 |     cidr_blocks = [&quot;0.0.0.0/0&quot;]
		112 |   }
		113 | }</failure>
		</testcase>
		<testcase name="[NONE][CKV_AWS_382] Ensure no security groups allow egress from 0.0.0.0:0 to port -1" classname="/security_groups.tf.aws_security_group.documentdb_sg" file="/security_groups.tf">
			<failure type="failure" message="Ensure no security groups allow egress from 0.0.0.0:0 to port -1">
Resource: aws_security_group.documentdb_sg
File: /security_groups.tf: 84-113
Guideline: https://docs.prismacloud.io/en/enterprise-edition/policy-reference/aws-policies/aws-networking-policies/bc-aws-382

		84  | resource &quot;aws_security_group&quot; &quot;documentdb_sg&quot; {
		85  | 
		86  |   name = &quot;documentdb-sg&quot;
		87  | 
		88  |   vpc_id = aws_vpc.main.id
		89  | 
		90  |   ingress {
		91  | 
		92  |     from_port = 27017
		93  | 
		94  |     to_port = 27017
		95  | 
		96  |     protocol = &quot;tcp&quot;
		97  | 
		98  |     security_groups = [
		99  |       aws_security_group.ecs_sg.id
		100 |     ]
		101 |   }
		102 | 
		103 |   egress {
		104 | 
		105 |     from_port = 0
		106 | 
		107 |     to_port = 0
		108 | 
		109 |     protocol = &quot;-1&quot;
		110 | 
		111 |     cidr_blocks = [&quot;0.0.0.0/0&quot;]
		112 |   }
		113 | }</failure>
		</testcase>
		<testcase name="[NONE][CKV2_AWS_32] Ensure CloudFront distribution has a response headers policy attached" classname="/cloudfront.tf.aws_cloudfront_distribution.frontend" file="/cloudfront.tf">
			<failure type="failure" message="Ensure CloudFront distribution has a response headers policy attached">
Resource: aws_cloudfront_distribution.frontend
File: /cloudfront.tf: 9-44
Guideline: https://docs.prismacloud.io/en/enterprise-edition/policy-reference/aws-policies/aws-networking-policies/bc-aws-networking-65

		9  | resource &quot;aws_cloudfront_distribution&quot; &quot;frontend&quot; {
		10 |   enabled             = true
		11 |   default_root_object = &quot;index.html&quot;
		12 | 
		13 |   origin {
		14 |     domain_name              = aws_s3_bucket.frontend.bucket_regional_domain_name
		15 |     origin_id                = &quot;frontend-s3-origin&quot;
		16 |     origin_access_control_id = aws_cloudfront_origin_access_control.frontend.id
		17 |   }
		18 | 
		19 |   default_cache_behavior {
		20 |     target_origin_id       = &quot;frontend-s3-origin&quot;
		21 |     viewer_protocol_policy = &quot;redirect-to-https&quot;
		22 | 
		23 |     allowed_methods = [&quot;GET&quot;, &quot;HEAD&quot;, &quot;OPTIONS&quot;]
		24 |     cached_methods  = [&quot;GET&quot;, &quot;HEAD&quot;]
		25 | 
		26 |     forwarded_values {
		27 |       query_string = false
		28 | 
		29 |       cookies {
		30 |         forward = &quot;none&quot;
		31 |       }
		32 |     }
		33 |   }
		34 | 
		35 |   restrictions {
		36 |     geo_restriction {
		37 |       restriction_type = &quot;none&quot;
		38 |     }
		39 |   }
		40 | 
		41 |   viewer_certificate {
		42 |     cloudfront_default_certificate = true
		43 |   }
		44 | }
</failure>
		</testcase>
		<testcase name="[NONE][CKV_AWS_378] Ensure AWS Load Balancer doesn't use HTTP protocol" classname="/alb.tf.aws_lb_target_group.backend" file="/alb.tf">
			<failure type="failure" message="Ensure AWS Load Balancer doesn't use HTTP protocol">
Resource: aws_lb_target_group.backend
File: /alb.tf: 25-43
Guideline: https://docs.prismacloud.io/en/enterprise-edition/policy-reference/aws-policies/aws-networking-policies/bc-aws-378

		25 | resource &quot;aws_lb_target_group&quot; &quot;backend&quot; {
		26 | 
		27 |   name = &quot;prontosalud-tg&quot;
		28 | 
		29 |   port = 3000
		30 | 
		31 |   protocol = &quot;HTTP&quot;
		32 | 
		33 |   target_type = &quot;ip&quot;
		34 | 
		35 |   vpc_id = aws_vpc.main.id
		36 | 
		37 |   health_check {
		38 | 
		39 |     path = &quot;/&quot;
		40 | 
		41 |     protocol = &quot;HTTP&quot;
		42 |   }
		43 | }
</failure>
		</testcase>
		<testcase name="[NONE][CKV2_AWS_62] Ensure S3 buckets should have event notifications enabled" classname="/alb_logs.tf.aws_s3_bucket.alb_logs" file="/alb_logs.tf">
			<failure type="failure" message="Ensure S3 buckets should have event notifications enabled">
Resource: aws_s3_bucket.alb_logs
File: /alb_logs.tf: 1-4
Guideline: https://docs.prismacloud.io/en/enterprise-edition/policy-reference/aws-policies/aws-logging-policies/bc-aws-2-62

		1 | resource &quot;aws_s3_bucket&quot; &quot;alb_logs&quot; {
		2 |   bucket        = &quot;${var.project_name}-alb-logs-${random_id.bucket_suffix.hex}&quot;
		3 |   force_destroy = true
		4 | }
</failure>
		</testcase>
		<testcase name="[NONE][CKV2_AWS_62] Ensure S3 buckets should have event notifications enabled" classname="/s3.tf.aws_s3_bucket.frontend" file="/s3.tf">
			<failure type="failure" message="Ensure S3 buckets should have event notifications enabled">
Resource: aws_s3_bucket.frontend
File: /s3.tf: 1-4
Guideline: https://docs.prismacloud.io/en/enterprise-edition/policy-reference/aws-policies/aws-logging-policies/bc-aws-2-62

		1 | resource &quot;aws_s3_bucket&quot; &quot;frontend&quot; {
		2 |   bucket        = &quot;${var.project_name}-frontend-${random_id.bucket_suffix.hex}&quot;
		3 |   force_destroy = true
		4 | }
</failure>
		</testcase>
		<testcase name="[NONE][CKV_AWS_144] Ensure that S3 bucket has cross-region replication enabled" classname="/alb_logs.tf.aws_s3_bucket.alb_logs" file="/alb_logs.tf">
			<failure type="failure" message="Ensure that S3 bucket has cross-region replication enabled">
Resource: aws_s3_bucket.alb_logs
File: /alb_logs.tf: 1-4
Guideline: https://docs.prismacloud.io/en/enterprise-edition/policy-reference/aws-policies/aws-general-policies/ensure-that-s3-bucket-has-cross-region-replication-enabled

		1 | resource &quot;aws_s3_bucket&quot; &quot;alb_logs&quot; {
		2 |   bucket        = &quot;${var.project_name}-alb-logs-${random_id.bucket_suffix.hex}&quot;
		3 |   force_destroy = true
		4 | }
</failure>
		</testcase>
		<testcase name="[NONE][CKV_AWS_144] Ensure that S3 bucket has cross-region replication enabled" classname="/s3.tf.aws_s3_bucket.frontend" file="/s3.tf">
			<failure type="failure" message="Ensure that S3 bucket has cross-region replication enabled">
Resource: aws_s3_bucket.frontend
File: /s3.tf: 1-4
Guideline: https://docs.prismacloud.io/en/enterprise-edition/policy-reference/aws-policies/aws-general-policies/ensure-that-s3-bucket-has-cross-region-replication-enabled

		1 | resource &quot;aws_s3_bucket&quot; &quot;frontend&quot; {
		2 |   bucket        = &quot;${var.project_name}-frontend-${random_id.bucket_suffix.hex}&quot;
		3 |   force_destroy = true
		4 | }
</failure>
		</testcase>
		<testcase name="[NONE][CKV2_AWS_42] Ensure AWS CloudFront distribution uses custom SSL certificate" classname="/cloudfront.tf.aws_cloudfront_distribution.frontend" file="/cloudfront.tf">
			<failure type="failure" message="Ensure AWS CloudFront distribution uses custom SSL certificate">
Resource: aws_cloudfront_distribution.frontend
File: /cloudfront.tf: 9-44
Guideline: https://docs.prismacloud.io/en/enterprise-edition/policy-reference/aws-policies/aws-networking-policies/ensure-aws-cloudfront-distribution-uses-custom-ssl-certificate

		9  | resource &quot;aws_cloudfront_distribution&quot; &quot;frontend&quot; {
		10 |   enabled             = true
		11 |   default_root_object = &quot;index.html&quot;
		12 | 
		13 |   origin {
		14 |     domain_name              = aws_s3_bucket.frontend.bucket_regional_domain_name
		15 |     origin_id                = &quot;frontend-s3-origin&quot;
		16 |     origin_access_control_id = aws_cloudfront_origin_access_control.frontend.id
		17 |   }
		18 | 
		19 |   default_cache_behavior {
		20 |     target_origin_id       = &quot;frontend-s3-origin&quot;
		21 |     viewer_protocol_policy = &quot;redirect-to-https&quot;
		22 | 
		23 |     allowed_methods = [&quot;GET&quot;, &quot;HEAD&quot;, &quot;OPTIONS&quot;]
		24 |     cached_methods  = [&quot;GET&quot;, &quot;HEAD&quot;]
		25 | 
		26 |     forwarded_values {
		27 |       query_string = false
		28 | 
		29 |       cookies {
		30 |         forward = &quot;none&quot;
		31 |       }
		32 |     }
		33 |   }
		34 | 
		35 |   restrictions {
		36 |     geo_restriction {
		37 |       restriction_type = &quot;none&quot;
		38 |     }
		39 |   }
		40 | 
		41 |   viewer_certificate {
		42 |     cloudfront_default_certificate = true
		43 |   }
		44 | }
</failure>
		</testcase>
		<testcase name="[NONE][CKV_AWS_145] Ensure that S3 buckets are encrypted with KMS by default" classname="/alb_logs.tf.aws_s3_bucket.alb_logs" file="/alb_logs.tf">
			<failure type="failure" message="Ensure that S3 buckets are encrypted with KMS by default">
Resource: aws_s3_bucket.alb_logs
File: /alb_logs.tf: 1-4
Guideline: https://docs.prismacloud.io/en/enterprise-edition/policy-reference/aws-policies/aws-general-policies/ensure-that-s3-buckets-are-encrypted-with-kms-by-default

		1 | resource &quot;aws_s3_bucket&quot; &quot;alb_logs&quot; {
		2 |   bucket        = &quot;${var.project_name}-alb-logs-${random_id.bucket_suffix.hex}&quot;
		3 |   force_destroy = true
		4 | }
</failure>
		</testcase>
		<testcase name="[NONE][CKV_AWS_145] Ensure that S3 buckets are encrypted with KMS by default" classname="/s3.tf.aws_s3_bucket.frontend" file="/s3.tf">
			<failure type="failure" message="Ensure that S3 buckets are encrypted with KMS by default">
Resource: aws_s3_bucket.frontend
File: /s3.tf: 1-4
Guideline: https://docs.prismacloud.io/en/enterprise-edition/policy-reference/aws-policies/aws-general-policies/ensure-that-s3-buckets-are-encrypted-with-kms-by-default

		1 | resource &quot;aws_s3_bucket&quot; &quot;frontend&quot; {
		2 |   bucket        = &quot;${var.project_name}-frontend-${random_id.bucket_suffix.hex}&quot;
		3 |   force_destroy = true
		4 | }
</failure>
		</testcase>
		<testcase name="[NONE][CKV2_AWS_12] Ensure the default security group of every VPC restricts all traffic" classname="/networking.tf.aws_vpc.main" file="/networking.tf">
			<failure type="failure" message="Ensure the default security group of every VPC restricts all traffic">
Resource: aws_vpc.main
File: /networking.tf: 1-10
Guideline: https://docs.prismacloud.io/en/enterprise-edition/policy-reference/aws-policies/aws-networking-policies/networking-4

		1  | resource &quot;aws_vpc&quot; &quot;main&quot; {
		2  | 
		3  |   cidr_block           = &quot;10.0.0.0/16&quot;
		4  |   enable_dns_hostnames = true
		5  |   enable_dns_support   = true
		6  | 
		7  |   tags = {
		8  |     Name = &quot;${var.project_name}-vpc&quot;
		9  |   }
		10 | }
</failure>
		</testcase>
		<testcase name="[NONE][CKV_AWS_21] Ensure all data stored in the S3 bucket have versioning enabled" classname="/alb_logs.tf.aws_s3_bucket.alb_logs" file="/alb_logs.tf">
			<failure type="failure" message="Ensure all data stored in the S3 bucket have versioning enabled">
Resource: aws_s3_bucket.alb_logs
File: /alb_logs.tf: 1-4
Guideline: https://docs.prismacloud.io/en/enterprise-edition/policy-reference/aws-policies/s3-policies/s3-16-enable-versioning

		1 | resource &quot;aws_s3_bucket&quot; &quot;alb_logs&quot; {
		2 |   bucket        = &quot;${var.project_name}-alb-logs-${random_id.bucket_suffix.hex}&quot;
		3 |   force_destroy = true
		4 | }
</failure>
		</testcase>
		<testcase name="[NONE][CKV2_AWS_47] Ensure AWS CloudFront attached WAFv2 WebACL is configured with AMR for Log4j Vulnerability" classname="/cloudfront.tf.aws_cloudfront_distribution.frontend" file="/cloudfront.tf">
			<failure type="failure" message="Ensure AWS CloudFront attached WAFv2 WebACL is configured with AMR for Log4j Vulnerability">
Resource: aws_cloudfront_distribution.frontend
File: /cloudfront.tf: 9-44
Guideline: https://docs.prismacloud.io/en/enterprise-edition/policy-reference/aws-policies/aws-general-policies/bc-aws-general-47

		9  | resource &quot;aws_cloudfront_distribution&quot; &quot;frontend&quot; {
		10 |   enabled             = true
		11 |   default_root_object = &quot;index.html&quot;
		12 | 
		13 |   origin {
		14 |     domain_name              = aws_s3_bucket.frontend.bucket_regional_domain_name
		15 |     origin_id                = &quot;frontend-s3-origin&quot;
		16 |     origin_access_control_id = aws_cloudfront_origin_access_control.frontend.id
		17 |   }
		18 | 
		19 |   default_cache_behavior {
		20 |     target_origin_id       = &quot;frontend-s3-origin&quot;
		21 |     viewer_protocol_policy = &quot;redirect-to-https&quot;
		22 | 
		23 |     allowed_methods = [&quot;GET&quot;, &quot;HEAD&quot;, &quot;OPTIONS&quot;]
		24 |     cached_methods  = [&quot;GET&quot;, &quot;HEAD&quot;]
		25 | 
		26 |     forwarded_values {
		27 |       query_string = false
		28 | 
		29 |       cookies {
		30 |         forward = &quot;none&quot;
		31 |       }
		32 |     }
		33 |   }
		34 | 
		35 |   restrictions {
		36 |     geo_restriction {
		37 |       restriction_type = &quot;none&quot;
		38 |     }
		39 |   }
		40 | 
		41 |   viewer_certificate {
		42 |     cloudfront_default_certificate = true
		43 |   }
		44 | }
</failure>
		</testcase>
		<testcase name="[NONE][CKV2_AWS_61] Ensure that an S3 bucket has a lifecycle configuration" classname="/alb_logs.tf.aws_s3_bucket.alb_logs" file="/alb_logs.tf">
			<failure type="failure" message="Ensure that an S3 bucket has a lifecycle configuration">
Resource: aws_s3_bucket.alb_logs
File: /alb_logs.tf: 1-4
Guideline: https://docs.prismacloud.io/en/enterprise-edition/policy-reference/aws-policies/aws-logging-policies/bc-aws-2-61

		1 | resource &quot;aws_s3_bucket&quot; &quot;alb_logs&quot; {
		2 |   bucket        = &quot;${var.project_name}-alb-logs-${random_id.bucket_suffix.hex}&quot;
		3 |   force_destroy = true
		4 | }
</failure>
		</testcase>
		<testcase name="[NONE][CKV2_AWS_61] Ensure that an S3 bucket has a lifecycle configuration" classname="/s3.tf.aws_s3_bucket.frontend" file="/s3.tf">
			<failure type="failure" message="Ensure that an S3 bucket has a lifecycle configuration">
Resource: aws_s3_bucket.frontend
File: /s3.tf: 1-4
Guideline: https://docs.prismacloud.io/en/enterprise-edition/policy-reference/aws-policies/aws-logging-policies/bc-aws-2-61

		1 | resource &quot;aws_s3_bucket&quot; &quot;frontend&quot; {
		2 |   bucket        = &quot;${var.project_name}-frontend-${random_id.bucket_suffix.hex}&quot;
		3 |   force_destroy = true
		4 | }
</failure>
		</testcase>
		<testcase name="[NONE][CKV2_AWS_28] Ensure public facing ALB are protected by WAF" classname="/alb.tf.aws_lb.main" file="/alb.tf">
			<failure type="failure" message="Ensure public facing ALB are protected by WAF">
Resource: aws_lb.main
File: /alb.tf: 1-23
Guideline: https://docs.prismacloud.io/en/enterprise-edition/policy-reference/aws-policies/aws-networking-policies/ensure-public-facing-alb-are-protected-by-waf

		1  | resource &quot;aws_lb&quot; &quot;main&quot; {
		2  |   name               = &quot;prontosalud-alb&quot;
		3  |   load_balancer_type = &quot;application&quot;
		4  |   internal           = false
		5  | 
		6  |   enable_deletion_protection = true
		7  |   drop_invalid_header_fields = true
		8  | 
		9  |   access_logs {
		10 |     bucket  = aws_s3_bucket.alb_logs.bucket
		11 |     prefix  = &quot;alb&quot;
		12 |     enabled = true
		13 |   }
		14 | 
		15 |   security_groups = [
		16 |     aws_security_group.alb_sg.id
		17 |   ]
		18 | 
		19 |   subnets = [
		20 |     aws_subnet.public_a.id,
		21 |     aws_subnet.public_b.id
		22 |   ]
		23 | }
</failure>
		</testcase>
		<testcase name="[NONE][CKV_AWS_18] Ensure the S3 bucket has access logging enabled" classname="/alb_logs.tf.aws_s3_bucket.alb_logs" file="/alb_logs.tf">
			<failure type="failure" message="Ensure the S3 bucket has access logging enabled">
Resource: aws_s3_bucket.alb_logs
File: /alb_logs.tf: 1-4
Guideline: https://docs.prismacloud.io/en/enterprise-edition/policy-reference/aws-policies/s3-policies/s3-13-enable-logging

		1 | resource &quot;aws_s3_bucket&quot; &quot;alb_logs&quot; {
		2 |   bucket        = &quot;${var.project_name}-alb-logs-${random_id.bucket_suffix.hex}&quot;
		3 |   force_destroy = true
		4 | }
</failure>
		</testcase>
		<testcase name="[NONE][CKV_AWS_18] Ensure the S3 bucket has access logging enabled" classname="/s3.tf.aws_s3_bucket.frontend" file="/s3.tf">
			<failure type="failure" message="Ensure the S3 bucket has access logging enabled">
Resource: aws_s3_bucket.frontend
File: /s3.tf: 1-4
Guideline: https://docs.prismacloud.io/en/enterprise-edition/policy-reference/aws-policies/s3-policies/s3-13-enable-logging

		1 | resource &quot;aws_s3_bucket&quot; &quot;frontend&quot; {
		2 |   bucket        = &quot;${var.project_name}-frontend-${random_id.bucket_suffix.hex}&quot;
		3 |   force_destroy = true
		4 | }
</failure>
		</testcase>
	</testsuite>
</testsuites>
