<?xml version="1.0" ?>
<testsuites disabled="0" errors="0" failures="43" tests="84" time="0.0">
	<testsuite disabled="0" errors="0" failures="43" name="terraform scan" skipped="0" tests="84" time="0">
		<properties>
			<property name="directory" value="['/tf']"/>
			<property name="add_check" value="False"/>
			<property name="list" value="False"/>
			<property name="output" value="['junitxml']"/>
			<property name="output_file_path" value="results.xml"/>
			<property name="output_bc_ids" value="False"/>
			<property name="include_all_checkov_policies" value="True"/>
			<property name="quiet" value="False"/>
			<property name="compact" value="False"/>
			<property name="framework" value="['all']"/>
			<property name="skip_framework" value="[]"/>
			<property name="run_all_external_checks" value="False"/>
			<property name="soft_fail" value="False"/>
			<property name="skip_results_upload" value="False"/>
			<property name="repo_id" value="cli_repo/tf"/>
			<property name="branch" value="master"/>
			<property name="skip_download" value="False"/>
			<property name="use_enforcement_rules" value="False"/>
			<property name="external_modules_download_path" value=".external_modules"/>
			<property name="evaluate_variables" value="True"/>
			<property name="no_cert_verify" value="False"/>
			<property name="create_baseline" value="False"/>
			<property name="output_baseline_as_skipped" value="False"/>
			<property name="secrets_scan_file_type" value="[]"/>
			<property name="enable_secret_scan_all_files" value="False"/>
			<property name="block_list_secret_scan" value="[]"/>
			<property name="summary_position" value="top"/>
			<property name="skip_resources_without_violations" value="False"/>
			<property name="deep_analysis" value="False"/>
			<property name="no_fail_on_crash" value="False"/>
			<property name="mask" value="defaultdict(&lt;class 'set'&gt;, {})"/>
			<property name="scan_secrets_history" value="False"/>
			<property name="secrets_history_timeout" value="12h"/>
			<property name="custom_tool_name" value="Checkov"/>
		</properties>
		<testcase name="[NONE][CKV_AWS_328] Ensure that ALB is configured with defensive or strictest desync mitigation mode" classname="/alb.tf.aws_lb.main" file="/alb.tf"/>
		<testcase name="[NONE][CKV_AWS_66] Ensure that CloudWatch Log Group specifies retention days" classname="/cloudwatch.tf.aws_cloudwatch_log_group.ecs" file="/cloudwatch.tf"/>
		<testcase name="[NONE][CKV_AWS_223] Ensure ECS Cluster enables logging of ECS Exec" classname="/ecs_cluster.tf.aws_ecs_cluster.main" file="/ecs_cluster.tf"/>
		<testcase name="[NONE][CKV_AWS_332] Ensure ECS Fargate services run on the latest Fargate platform version" classname="/ecs_service.tf.aws_ecs_service.backend" file="/ecs_service.tf"/>
		<testcase name="[NONE][CKV_AWS_333] Ensure ECS services do not have public IP addresses assigned to them automatically" classname="/ecs_service.tf.aws_ecs_service.backend" file="/ecs_service.tf"/>
		<testcase name="[NONE][CKV_AWS_97] Ensure Encryption in transit is enabled for EFS volumes in ECS Task definitions" classname="/ecs_task_definition.tf.aws_ecs_task_definition.backend" file="/ecs_task_definition.tf"/>
		<testcase name="[NONE][CKV_AWS_249] Ensure that the Execution Role ARN and the Task Role ARN are different in ECS Task definitions" classname="/ecs_task_definition.tf.aws_ecs_task_definition.backend" file="/ecs_task_definition.tf"/>
		<testcase name="[NONE][CKV_AWS_335] Ensure ECS task definitions should not share the host's process namespace" classname="/ecs_task_definition.tf.aws_ecs_task_definition.backend" file="/ecs_task_definition.tf"/>
		<testcase name="[NONE][CKV_AWS_334] Ensure ECS containers should run as non-privileged" classname="/ecs_task_definition.tf.aws_ecs_task_definition.backend" file="/ecs_task_definition.tf"/>
		<testcase name="[NONE][CKV_AWS_393] Ensure AWS GitHub Actions OIDC authorization policies only allow safe claims and claim order on IAM role" classname="/iam.tf.aws_iam_role.ecs_execution_role" file="/iam.tf"/>
		<testcase name="[NONE][CKV_AWS_274] Disallow IAM roles, users, and groups from using the AWS AdministratorAccess policy" classname="/iam.tf.aws_iam_role.ecs_execution_role" file="/iam.tf"/>
		<testcase name="[NONE][CKV_AWS_61] Ensure AWS IAM policy does not allow assume role permission across all services" classname="/iam.tf.aws_iam_role.ecs_execution_role" file="/iam.tf"/>
		<testcase name="[NONE][CKV_AWS_60] Ensure IAM role allows only specific services or principals to assume it" classname="/iam.tf.aws_iam_role.ecs_execution_role" file="/iam.tf"/>
		<testcase name="[NONE][CKV_AWS_41] Ensure no hard coded AWS access key and secret key exists in provider" classname="/provider.tf.aws.default" file="/provider.tf"/>
		<testcase name="[NONE][CKV_AWS_388] Ensure AWS Aurora PostgreSQL is not exposed to local file read vulnerability" classname="/rds.tf.aws_db_instance.postgres" file="/rds.tf"/>
		<testcase name="[NONE][CKV_AWS_354] Ensure RDS Performance Insights are encrypted using KMS CMKs" classname="/rds.tf.aws_db_instance.postgres" file="/rds.tf"/>
		<testcase name="[NONE][CKV_AWS_17] Ensure all data stored in RDS is not publicly accessible" classname="/rds.tf.aws_db_instance.postgres" file="/rds.tf"/>
		<testcase name="[NONE][CKV_AWS_133] Ensure that RDS instances has backup policy" classname="/rds.tf.aws_db_instance.postgres" file="/rds.tf"/>
		<testcase name="[NONE][CKV_AWS_211] Ensure RDS uses a modern CaCert" classname="/rds.tf.aws_db_instance.postgres" file="/rds.tf"/>
		<testcase name="[NONE][CKV_AWS_388] Ensure AWS Aurora PostgreSQL is not exposed to local file read vulnerability" classname="/rds_replica.tf.aws_db_instance.replica" file="/rds_replica.tf"/>
		<testcase name="[NONE][CKV_AWS_354] Ensure RDS Performance Insights are encrypted using KMS CMKs" classname="/rds_replica.tf.aws_db_instance.replica" file="/rds_replica.tf"/>
		<testcase name="[NONE][CKV_AWS_17] Ensure all data stored in RDS is not publicly accessible" classname="/rds_replica.tf.aws_db_instance.replica" file="/rds_replica.tf"/>
		<testcase name="[NONE][CKV_AWS_133] Ensure that RDS instances has backup policy" classname="/rds_replica.tf.aws_db_instance.replica" file="/rds_replica.tf"/>
		<testcase name="[NONE][CKV_AWS_211] Ensure RDS uses a modern CaCert" classname="/rds_replica.tf.aws_db_instance.replica" file="/rds_replica.tf"/>
		<testcase name="[NONE][CKV_AWS_93] Ensure S3 bucket policy does not lockout all but root user. (Prevent lockouts needing root account fixes)" classname="/s3.tf.aws_s3_bucket.documents" file="/s3.tf"/>
		<testcase name="[NONE][CKV_AWS_277] Ensure no security groups allow ingress from 0.0.0.0:0 to port -1" classname="/security_groups.tf.aws_security_group.alb_sg" file="/security_groups.tf"/>
		<testcase name="[NONE][CKV_AWS_24] Ensure no security groups allow ingress from 0.0.0.0:0 to port 22" classname="/security_groups.tf.aws_security_group.alb_sg" file="/security_groups.tf"/>
		<testcase name="[NONE][CKV_AWS_25] Ensure no security groups allow ingress from 0.0.0.0:0 to port 3389" classname="/security_groups.tf.aws_security_group.alb_sg" file="/security_groups.tf"/>
		<testcase name="[NONE][CKV_AWS_130] Ensure VPC subnets do not assign public IP by default" classname="/subnets.tf.aws_subnet.private_a" file="/subnets.tf"/>
		<testcase name="[NONE][CKV2_AWS_19] Ensure that all EIP addresses allocated to a VPC are attached to EC2 instances" classname="/nat_gateway.tf.aws_eip.nat_eip" file="/nat_gateway.tf"/>
		<testcase name="[NONE][CKV_AWS_20] S3 Bucket has an ACL defined which allows public READ access." classname="/s3.tf.aws_s3_bucket.documents" file="/s3.tf"/>
		<testcase name="[NONE][CKV2_AWS_44] Ensure AWS route table with VPC peering does not contain routes overly permissive to all traffic" classname="/route_tables.tf.aws_route_table.public" file="/route_tables.tf"/>
		<testcase name="[NONE][CKV2_AWS_56] Ensure AWS Managed IAMFullAccess IAM policy is not used." classname="/iam.tf.aws_iam_role.ecs_execution_role" file="/iam.tf"/>
		<testcase name="[NONE][CKV2_AWS_76] Ensure AWS ALB attached WAFv2 WebACL is configured with AMR for Log4j Vulnerability" classname="/alb.tf.aws_lb.main" file="/alb.tf"/>
		<testcase name="[NONE][CKV_AWS_19] Ensure all data stored in the S3 bucket is securely encrypted at rest" classname="/s3.tf.aws_s3_bucket.documents" file="/s3.tf"/>
		<testcase name="[NONE][CKV2_AWS_35] AWS NAT Gateways should be utilized for the default route" classname="/route_tables.tf.aws_route_table.public" file="/route_tables.tf"/>
		<testcase name="[NONE][CKV2_AWS_5] Ensure that Security Groups are attached to another resource" classname="/security_groups.tf.aws_security_group.alb_sg" file="/security_groups.tf"/>
		<testcase name="[NONE][CKV2_AWS_69] Ensure AWS RDS database instance configured with encryption in transit" classname="/rds.tf.aws_db_instance.postgres" file="/rds.tf"/>
		<testcase name="[NONE][CKV2_AWS_69] Ensure AWS RDS database instance configured with encryption in transit" classname="/rds_replica.tf.aws_db_instance.replica" file="/rds_replica.tf"/>
		<testcase name="[NONE][CKV2_AWS_20] Ensure that ALB redirects HTTP requests into HTTPS ones" classname="/alb.tf.aws_lb.main" file="/alb.tf"/>
		<testcase name="[NONE][CKV_AWS_57] S3 Bucket has an ACL defined which allows public WRITE access." classname="/s3.tf.aws_s3_bucket.documents" file="/s3.tf"/>
		<testcase name="[NONE][CKV_AWS_150] Ensure that Load Balancer has deletion protection enabled" classname="/alb.tf.aws_lb.main" file="/alb.tf">
			<failure type="failure" message="Ensure that Load Balancer has deletion protection enabled">
Resource: aws_lb.main
File: /alb.tf: 1-15
Guideline: https://docs.prismacloud.io/en/enterprise-edition/policy-reference/aws-policies/aws-general-policies/bc-aws-150

		1  | resource &quot;aws_lb&quot; &quot;main&quot; {
		2  | 
		3  |   name               = &quot;prontosalud-alb&quot;
		4  |   load_balancer_type = &quot;application&quot;
		5  | 
		6  |   internal = false
		7  | 
		8  |   security_groups = [
		9  |     aws_security_group.alb_sg.id
		10 |   ]
		11 | 
		12 |   subnets = [
		13 |     aws_subnet.public_a.id
		14 |   ]
		15 | }</failure>
		</testcase>
		<testcase name="[NONE][CKV_AWS_91] Ensure the ELBv2 (Application/Network) has access logging enabled" classname="/alb.tf.aws_lb.main" file="/alb.tf">
			<failure type="failure" message="Ensure the ELBv2 (Application/Network) has access logging enabled">
Resource: aws_lb.main
File: /alb.tf: 1-15
Guideline: https://docs.prismacloud.io/en/enterprise-edition/policy-reference/aws-policies/aws-logging-policies/bc-aws-logging-22

		1  | resource &quot;aws_lb&quot; &quot;main&quot; {
		2  | 
		3  |   name               = &quot;prontosalud-alb&quot;
		4  |   load_balancer_type = &quot;application&quot;
		5  | 
		6  |   internal = false
		7  | 
		8  |   security_groups = [
		9  |     aws_security_group.alb_sg.id
		10 |   ]
		11 | 
		12 |   subnets = [
		13 |     aws_subnet.public_a.id
		14 |   ]
		15 | }</failure>
		</testcase>
		<testcase name="[NONE][CKV_AWS_131] Ensure that ALB drops HTTP headers" classname="/alb.tf.aws_lb.main" file="/alb.tf">
			<failure type="failure" message="Ensure that ALB drops HTTP headers">
Resource: aws_lb.main
File: /alb.tf: 1-15
Guideline: https://docs.prismacloud.io/en/enterprise-edition/policy-reference/aws-policies/aws-networking-policies/ensure-that-alb-drops-http-headers

		1  | resource &quot;aws_lb&quot; &quot;main&quot; {
		2  | 
		3  |   name               = &quot;prontosalud-alb&quot;
		4  |   load_balancer_type = &quot;application&quot;
		5  | 
		6  |   internal = false
		7  | 
		8  |   security_groups = [
		9  |     aws_security_group.alb_sg.id
		10 |   ]
		11 | 
		12 |   subnets = [
		13 |     aws_subnet.public_a.id
		14 |   ]
		15 | }</failure>
		</testcase>
		<testcase name="[NONE][CKV_AWS_237] Ensure Create before destroy for API Gateway" classname="/api_gateway.tf.aws_api_gateway_rest_api.api" file="/api_gateway.tf">
			<failure type="failure" message="Ensure Create before destroy for API Gateway">
Resource: aws_api_gateway_rest_api.api
File: /api_gateway.tf: 1-5
Guideline: https://docs.prismacloud.io/en/enterprise-edition/policy-reference/aws-policies/aws-general-policies/ensure-aws-api-gateway-enables-create-before-destroy

		1 | resource &quot;aws_api_gateway_rest_api&quot; &quot;api&quot; {
		2 | 
		3 |   name = &quot;prontosalud-api&quot;
		4 | 
		5 | }</failure>
		</testcase>
		<testcase name="[NONE][CKV_AWS_158] Ensure that CloudWatch Log Group is encrypted by KMS" classname="/cloudwatch.tf.aws_cloudwatch_log_group.ecs" file="/cloudwatch.tf">
			<failure type="failure" message="Ensure that CloudWatch Log Group is encrypted by KMS">
Resource: aws_cloudwatch_log_group.ecs
File: /cloudwatch.tf: 1-7
Guideline: https://docs.prismacloud.io/en/enterprise-edition/policy-reference/aws-policies/aws-general-policies/ensure-that-cloudwatch-log-group-is-encrypted-by-kms

		1 | resource &quot;aws_cloudwatch_log_group&quot; &quot;ecs&quot; {
		2 | 
		3 |   name = &quot;/ecs/prontosalud&quot;
		4 | 
		5 |   retention_in_days = 7
		6 | 
		7 | }</failure>
		</testcase>
		<testcase name="[NONE][CKV_AWS_338] Ensure CloudWatch log groups retains logs for at least 1 year" classname="/cloudwatch.tf.aws_cloudwatch_log_group.ecs" file="/cloudwatch.tf">
			<failure type="failure" message="Ensure CloudWatch log groups retains logs for at least 1 year">
Resource: aws_cloudwatch_log_group.ecs
File: /cloudwatch.tf: 1-7
Guideline: https://docs.prismacloud.io/en/enterprise-edition/policy-reference/aws-policies/aws-logging-policies/bc-aws-338

		1 | resource &quot;aws_cloudwatch_log_group&quot; &quot;ecs&quot; {
		2 | 
		3 |   name = &quot;/ecs/prontosalud&quot;
		4 | 
		5 |   retention_in_days = 7
		6 | 
		7 | }</failure>
		</testcase>
		<testcase name="[NONE][CKV_AWS_65] Ensure container insights are enabled on ECS cluster" classname="/ecs_cluster.tf.aws_ecs_cluster.main" file="/ecs_cluster.tf">
			<failure type="failure" message="Ensure container insights are enabled on ECS cluster">
Resource: aws_ecs_cluster.main
File: /ecs_cluster.tf: 1-5
Guideline: https://docs.prismacloud.io/en/enterprise-edition/policy-reference/aws-policies/aws-logging-policies/bc-aws-logging-11

		1 | resource &quot;aws_ecs_cluster&quot; &quot;main&quot; {
		2 | 
		3 |   name = &quot;prontosalud-cluster&quot;
		4 | 
		5 | }</failure>
		</testcase>
		<testcase name="[NONE][CKV_AWS_336] Ensure ECS containers are limited to read-only access to root filesystems" classname="/ecs_task_definition.tf.aws_ecs_task_definition.backend" file="/ecs_task_definition.tf">
			<failure type="failure" message="Ensure ECS containers are limited to read-only access to root filesystems">
Resource: aws_ecs_task_definition.backend
File: /ecs_task_definition.tf: 1-29
Guideline: https://docs.prismacloud.io/en/enterprise-edition/policy-reference/aws-policies/aws-general-policies/bc-aws-336

		1  | resource &quot;aws_ecs_task_definition&quot; &quot;backend&quot; {
		2  | 
		3  |   family = &quot;prontosalud-backend&quot;
		4  | 
		5  |   network_mode = &quot;awsvpc&quot;
		6  | 
		7  |   requires_compatibilities = [&quot;FARGATE&quot;]
		8  | 
		9  |   cpu    = &quot;256&quot;
		10 |   memory = &quot;512&quot;
		11 | 
		12 |   execution_role_arn = aws_iam_role.ecs_execution_role.arn
		13 | 
		14 |   container_definitions = jsonencode([
		15 |     {
		16 |       name  = &quot;backend&quot;
		17 |       image = &quot;nginx&quot;
		18 | 
		19 |       essential = true
		20 | 
		21 |       portMappings = [
		22 |         {
		23 |           containerPort = 80
		24 |           hostPort      = 80
		25 |         }
		26 |       ]
		27 |     }
		28 |   ])
		29 | }</failure>
		</testcase>
		<testcase name="[NONE][CKV_AWS_353] Ensure that RDS instances have performance insights enabled" classname="/rds.tf.aws_db_instance.postgres" file="/rds.tf">
			<failure type="failure" message="Ensure that RDS instances have performance insights enabled">
Resource: aws_db_instance.postgres
File: /rds.tf: 1-16
Guideline: https://docs.prismacloud.io/en/enterprise-edition/policy-reference/aws-policies/aws-logging-policies/bc-aws-353

		1  | resource &quot;aws_db_instance&quot; &quot;postgres&quot; {
		2  | 
		3  |   identifier = &quot;prontosalud-db&quot;
		4  | 
		5  |   engine = &quot;postgres&quot;
		6  | 
		7  |   instance_class = &quot;db.t3.micro&quot;
		8  | 
		9  |   allocated_storage = 20
		10 | 
		11 |   username = var.db_username
		12 | 
		13 |   password = var.db_password
		14 | 
		15 |   skip_final_snapshot = true
		16 | }</failure>
		</testcase>
		<testcase name="[NONE][CKV_AWS_16] Ensure all data stored in the RDS is securely encrypted at rest" classname="/rds.tf.aws_db_instance.postgres" file="/rds.tf">
			<failure type="failure" message="Ensure all data stored in the RDS is securely encrypted at rest">
Resource: aws_db_instance.postgres
File: /rds.tf: 1-16
Guideline: https://docs.prismacloud.io/en/enterprise-edition/policy-reference/aws-policies/aws-general-policies/general-4

		1  | resource &quot;aws_db_instance&quot; &quot;postgres&quot; {
		2  | 
		3  |   identifier = &quot;prontosalud-db&quot;
		4  | 
		5  |   engine = &quot;postgres&quot;
		6  | 
		7  |   instance_class = &quot;db.t3.micro&quot;
		8  | 
		9  |   allocated_storage = 20
		10 | 
		11 |   username = var.db_username
		12 | 
		13 |   password = var.db_password
		14 | 
		15 |   skip_final_snapshot = true
		16 | }</failure>
		</testcase>
		<testcase name="[NONE][CKV_AWS_293] Ensure that AWS database instances have deletion protection enabled" classname="/rds.tf.aws_db_instance.postgres" file="/rds.tf">
			<failure type="failure" message="Ensure that AWS database instances have deletion protection enabled">
Resource: aws_db_instance.postgres
File: /rds.tf: 1-16
Guideline: https://docs.prismacloud.io/en/enterprise-edition/policy-reference/aws-policies/aws-general-policies/bc-aws-293

		1  | resource &quot;aws_db_instance&quot; &quot;postgres&quot; {
		2  | 
		3  |   identifier = &quot;prontosalud-db&quot;
		4  | 
		5  |   engine = &quot;postgres&quot;
		6  | 
		7  |   instance_class = &quot;db.t3.micro&quot;
		8  | 
		9  |   allocated_storage = 20
		10 | 
		11 |   username = var.db_username
		12 | 
		13 |   password = var.db_password
		14 | 
		15 |   skip_final_snapshot = true
		16 | }</failure>
		</testcase>
		<testcase name="[NONE][CKV_AWS_129] Ensure that respective logs of Amazon Relational Database Service (Amazon RDS) are enabled" classname="/rds.tf.aws_db_instance.postgres" file="/rds.tf">
			<failure type="failure" message="Ensure that respective logs of Amazon Relational Database Service (Amazon RDS) are enabled">
Resource: aws_db_instance.postgres
File: /rds.tf: 1-16
Guideline: https://docs.prismacloud.io/en/enterprise-edition/policy-reference/aws-policies/aws-iam-policies/ensure-that-respective-logs-of-amazon-relational-database-service-amazon-rds-are-enabled

		1  | resource &quot;aws_db_instance&quot; &quot;postgres&quot; {
		2  | 
		3  |   identifier = &quot;prontosalud-db&quot;
		4  | 
		5  |   engine = &quot;postgres&quot;
		6  | 
		7  |   instance_class = &quot;db.t3.micro&quot;
		8  | 
		9  |   allocated_storage = 20
		10 | 
		11 |   username = var.db_username
		12 | 
		13 |   password = var.db_password
		14 | 
		15 |   skip_final_snapshot = true
		16 | }</failure>
		</testcase>
		<testcase name="[NONE][CKV_AWS_157] Ensure that RDS instances have Multi-AZ enabled" classname="/rds.tf.aws_db_instance.postgres" file="/rds.tf">
			<failure type="failure" message="Ensure that RDS instances have Multi-AZ enabled">
Resource: aws_db_instance.postgres
File: /rds.tf: 1-16
Guideline: https://docs.prismacloud.io/en/enterprise-edition/policy-reference/aws-policies/aws-general-policies/general-73

		1  | resource &quot;aws_db_instance&quot; &quot;postgres&quot; {
		2  | 
		3  |   identifier = &quot;prontosalud-db&quot;
		4  | 
		5  |   engine = &quot;postgres&quot;
		6  | 
		7  |   instance_class = &quot;db.t3.micro&quot;
		8  | 
		9  |   allocated_storage = 20
		10 | 
		11 |   username = var.db_username
		12 | 
		13 |   password = var.db_password
		14 | 
		15 |   skip_final_snapshot = true
		16 | }</failure>
		</testcase>
		<testcase name="[NONE][CKV_AWS_118] Ensure that enhanced monitoring is enabled for Amazon RDS instances" classname="/rds.tf.aws_db_instance.postgres" file="/rds.tf">
			<failure type="failure" message="Ensure that enhanced monitoring is enabled for Amazon RDS instances">
Resource: aws_db_instance.postgres
File: /rds.tf: 1-16
Guideline: https://docs.prismacloud.io/en/enterprise-edition/policy-reference/aws-policies/aws-logging-policies/ensure-that-enhanced-monitoring-is-enabled-for-amazon-rds-instances

		1  | resource &quot;aws_db_instance&quot; &quot;postgres&quot; {
		2  | 
		3  |   identifier = &quot;prontosalud-db&quot;
		4  | 
		5  |   engine = &quot;postgres&quot;
		6  | 
		7  |   instance_class = &quot;db.t3.micro&quot;
		8  | 
		9  |   allocated_storage = 20
		10 | 
		11 |   username = var.db_username
		12 | 
		13 |   password = var.db_password
		14 | 
		15 |   skip_final_snapshot = true
		16 | }</failure>
		</testcase>
		<testcase name="[NONE][CKV_AWS_161] Ensure RDS database has IAM authentication enabled" classname="/rds.tf.aws_db_instance.postgres" file="/rds.tf">
			<failure type="failure" message="Ensure RDS database has IAM authentication enabled">
Resource: aws_db_instance.postgres
File: /rds.tf: 1-16
Guideline: https://docs.prismacloud.io/en/enterprise-edition/policy-reference/aws-policies/aws-iam-policies/ensure-rds-database-has-iam-authentication-enabled

		1  | resource &quot;aws_db_instance&quot; &quot;postgres&quot; {
		2  | 
		3  |   identifier = &quot;prontosalud-db&quot;
		4  | 
		5  |   engine = &quot;postgres&quot;
		6  | 
		7  |   instance_class = &quot;db.t3.micro&quot;
		8  | 
		9  |   allocated_storage = 20
		10 | 
		11 |   username = var.db_username
		12 | 
		13 |   password = var.db_password
		14 | 
		15 |   skip_final_snapshot = true
		16 | }</failure>
		</testcase>
		<testcase name="[NONE][CKV_AWS_226] Ensure DB instance gets all minor upgrades automatically" classname="/rds.tf.aws_db_instance.postgres" file="/rds.tf">
			<failure type="failure" message="Ensure DB instance gets all minor upgrades automatically">
Resource: aws_db_instance.postgres
File: /rds.tf: 1-16
Guideline: https://docs.prismacloud.io/en/enterprise-edition/policy-reference/aws-policies/aws-general-policies/ensure-aws-db-instance-gets-all-minor-upgrades-automatically

		1  | resource &quot;aws_db_instance&quot; &quot;postgres&quot; {
		2  | 
		3  |   identifier = &quot;prontosalud-db&quot;
		4  | 
		5  |   engine = &quot;postgres&quot;
		6  | 
		7  |   instance_class = &quot;db.t3.micro&quot;
		8  | 
		9  |   allocated_storage = 20
		10 | 
		11 |   username = var.db_username
		12 | 
		13 |   password = var.db_password
		14 | 
		15 |   skip_final_snapshot = true
		16 | }</failure>
		</testcase>
		<testcase name="[NONE][CKV_AWS_353] Ensure that RDS instances have performance insights enabled" classname="/rds_replica.tf.aws_db_instance.replica" file="/rds_replica.tf">
			<failure type="failure" message="Ensure that RDS instances have performance insights enabled">
Resource: aws_db_instance.replica
File: /rds_replica.tf: 1-10
Guideline: https://docs.prismacloud.io/en/enterprise-edition/policy-reference/aws-policies/aws-logging-policies/bc-aws-353

		1  | resource &quot;aws_db_instance&quot; &quot;replica&quot; {
		2  | 
		3  |   replicate_source_db = aws_db_instance.postgres.identifier
		4  | 
		5  |   identifier = &quot;prontosalud-replica&quot;
		6  | 
		7  |   instance_class = &quot;db.t3.micro&quot;
		8  | 
		9  |   skip_final_snapshot = true
		10 | }</failure>
		</testcase>
		<testcase name="[NONE][CKV_AWS_16] Ensure all data stored in the RDS is securely encrypted at rest" classname="/rds_replica.tf.aws_db_instance.replica" file="/rds_replica.tf">
			<failure type="failure" message="Ensure all data stored in the RDS is securely encrypted at rest">
Resource: aws_db_instance.replica
File: /rds_replica.tf: 1-10
Guideline: https://docs.prismacloud.io/en/enterprise-edition/policy-reference/aws-policies/aws-general-policies/general-4

		1  | resource &quot;aws_db_instance&quot; &quot;replica&quot; {
		2  | 
		3  |   replicate_source_db = aws_db_instance.postgres.identifier
		4  | 
		5  |   identifier = &quot;prontosalud-replica&quot;
		6  | 
		7  |   instance_class = &quot;db.t3.micro&quot;
		8  | 
		9  |   skip_final_snapshot = true
		10 | }</failure>
		</testcase>
		<testcase name="[NONE][CKV_AWS_293] Ensure that AWS database instances have deletion protection enabled" classname="/rds_replica.tf.aws_db_instance.replica" file="/rds_replica.tf">
			<failure type="failure" message="Ensure that AWS database instances have deletion protection enabled">
Resource: aws_db_instance.replica
File: /rds_replica.tf: 1-10
Guideline: https://docs.prismacloud.io/en/enterprise-edition/policy-reference/aws-policies/aws-general-policies/bc-aws-293

		1  | resource &quot;aws_db_instance&quot; &quot;replica&quot; {
		2  | 
		3  |   replicate_source_db = aws_db_instance.postgres.identifier
		4  | 
		5  |   identifier = &quot;prontosalud-replica&quot;
		6  | 
		7  |   instance_class = &quot;db.t3.micro&quot;
		8  | 
		9  |   skip_final_snapshot = true
		10 | }</failure>
		</testcase>
		<testcase name="[NONE][CKV_AWS_129] Ensure that respective logs of Amazon Relational Database Service (Amazon RDS) are enabled" classname="/rds_replica.tf.aws_db_instance.replica" file="/rds_replica.tf">
			<failure type="failure" message="Ensure that respective logs of Amazon Relational Database Service (Amazon RDS) are enabled">
Resource: aws_db_instance.replica
File: /rds_replica.tf: 1-10
Guideline: https://docs.prismacloud.io/en/enterprise-edition/policy-reference/aws-policies/aws-iam-policies/ensure-that-respective-logs-of-amazon-relational-database-service-amazon-rds-are-enabled

		1  | resource &quot;aws_db_instance&quot; &quot;replica&quot; {
		2  | 
		3  |   replicate_source_db = aws_db_instance.postgres.identifier
		4  | 
		5  |   identifier = &quot;prontosalud-replica&quot;
		6  | 
		7  |   instance_class = &quot;db.t3.micro&quot;
		8  | 
		9  |   skip_final_snapshot = true
		10 | }</failure>
		</testcase>
		<testcase name="[NONE][CKV_AWS_157] Ensure that RDS instances have Multi-AZ enabled" classname="/rds_replica.tf.aws_db_instance.replica" file="/rds_replica.tf">
			<failure type="failure" message="Ensure that RDS instances have Multi-AZ enabled">
Resource: aws_db_instance.replica
File: /rds_replica.tf: 1-10
Guideline: https://docs.prismacloud.io/en/enterprise-edition/policy-reference/aws-policies/aws-general-policies/general-73

		1  | resource &quot;aws_db_instance&quot; &quot;replica&quot; {
		2  | 
		3  |   replicate_source_db = aws_db_instance.postgres.identifier
		4  | 
		5  |   identifier = &quot;prontosalud-replica&quot;
		6  | 
		7  |   instance_class = &quot;db.t3.micro&quot;
		8  | 
		9  |   skip_final_snapshot = true
		10 | }</failure>
		</testcase>
		<testcase name="[NONE][CKV_AWS_118] Ensure that enhanced monitoring is enabled for Amazon RDS instances" classname="/rds_replica.tf.aws_db_instance.replica" file="/rds_replica.tf">
			<failure type="failure" message="Ensure that enhanced monitoring is enabled for Amazon RDS instances">
Resource: aws_db_instance.replica
File: /rds_replica.tf: 1-10
Guideline: https://docs.prismacloud.io/en/enterprise-edition/policy-reference/aws-policies/aws-logging-policies/ensure-that-enhanced-monitoring-is-enabled-for-amazon-rds-instances

		1  | resource &quot;aws_db_instance&quot; &quot;replica&quot; {
		2  | 
		3  |   replicate_source_db = aws_db_instance.postgres.identifier
		4  | 
		5  |   identifier = &quot;prontosalud-replica&quot;
		6  | 
		7  |   instance_class = &quot;db.t3.micro&quot;
		8  | 
		9  |   skip_final_snapshot = true
		10 | }</failure>
		</testcase>
		<testcase name="[NONE][CKV_AWS_226] Ensure DB instance gets all minor upgrades automatically" classname="/rds_replica.tf.aws_db_instance.replica" file="/rds_replica.tf">
			<failure type="failure" message="Ensure DB instance gets all minor upgrades automatically">
Resource: aws_db_instance.replica
File: /rds_replica.tf: 1-10
Guideline: https://docs.prismacloud.io/en/enterprise-edition/policy-reference/aws-policies/aws-general-policies/ensure-aws-db-instance-gets-all-minor-upgrades-automatically

		1  | resource &quot;aws_db_instance&quot; &quot;replica&quot; {
		2  | 
		3  |   replicate_source_db = aws_db_instance.postgres.identifier
		4  | 
		5  |   identifier = &quot;prontosalud-replica&quot;
		6  | 
		7  |   instance_class = &quot;db.t3.micro&quot;
		8  | 
		9  |   skip_final_snapshot = true
		10 | }</failure>
		</testcase>
		<testcase name="[NONE][CKV_AWS_23] Ensure every security group and rule has a description" classname="/security_groups.tf.aws_security_group.alb_sg" file="/security_groups.tf">
			<failure type="failure" message="Ensure every security group and rule has a description">
Resource: aws_security_group.alb_sg
File: /security_groups.tf: 1-23
Guideline: https://docs.prismacloud.io/en/enterprise-edition/policy-reference/aws-policies/aws-networking-policies/networking-31

		1  | resource &quot;aws_security_group&quot; &quot;alb_sg&quot; {
		2  | 
		3  |   name   = &quot;alb-sg&quot;
		4  |   vpc_id = aws_vpc.main.id
		5  | 
		6  |   ingress {
		7  | 
		8  |     from_port   = 80
		9  |     to_port     = 80
		10 |     protocol    = &quot;tcp&quot;
		11 |     cidr_blocks = [&quot;0.0.0.0/0&quot;]
		12 | 
		13 |   }
		14 | 
		15 |   egress {
		16 | 
		17 |     from_port   = 0
		18 |     to_port     = 0
		19 |     protocol    = &quot;-1&quot;
		20 |     cidr_blocks = [&quot;0.0.0.0/0&quot;]
		21 | 
		22 |   }
		23 | }</failure>
		</testcase>
		<testcase name="[NONE][CKV_AWS_260] Ensure no security groups allow ingress from 0.0.0.0:0 to port 80" classname="/security_groups.tf.aws_security_group.alb_sg" file="/security_groups.tf">
			<failure type="failure" message="Ensure no security groups allow ingress from 0.0.0.0:0 to port 80">
Resource: aws_security_group.alb_sg
File: /security_groups.tf: 1-23
Guideline: https://docs.prismacloud.io/en/enterprise-edition/policy-reference/aws-policies/aws-networking-policies/ensure-aws-security-groups-do-not-allow-ingress-from-00000-to-port-80

		1  | resource &quot;aws_security_group&quot; &quot;alb_sg&quot; {
		2  | 
		3  |   name   = &quot;alb-sg&quot;
		4  |   vpc_id = aws_vpc.main.id
		5  | 
		6  |   ingress {
		7  | 
		8  |     from_port   = 80
		9  |     to_port     = 80
		10 |     protocol    = &quot;tcp&quot;
		11 |     cidr_blocks = [&quot;0.0.0.0/0&quot;]
		12 | 
		13 |   }
		14 | 
		15 |   egress {
		16 | 
		17 |     from_port   = 0
		18 |     to_port     = 0
		19 |     protocol    = &quot;-1&quot;
		20 |     cidr_blocks = [&quot;0.0.0.0/0&quot;]
		21 | 
		22 |   }
		23 | }</failure>
		</testcase>
		<testcase name="[NONE][CKV_AWS_382] Ensure no security groups allow egress from 0.0.0.0:0 to port -1" classname="/security_groups.tf.aws_security_group.alb_sg" file="/security_groups.tf">
			<failure type="failure" message="Ensure no security groups allow egress from 0.0.0.0:0 to port -1">
Resource: aws_security_group.alb_sg
File: /security_groups.tf: 1-23
Guideline: https://docs.prismacloud.io/en/enterprise-edition/policy-reference/aws-policies/aws-networking-policies/bc-aws-382

		1  | resource &quot;aws_security_group&quot; &quot;alb_sg&quot; {
		2  | 
		3  |   name   = &quot;alb-sg&quot;
		4  |   vpc_id = aws_vpc.main.id
		5  | 
		6  |   ingress {
		7  | 
		8  |     from_port   = 80
		9  |     to_port     = 80
		10 |     protocol    = &quot;tcp&quot;
		11 |     cidr_blocks = [&quot;0.0.0.0/0&quot;]
		12 | 
		13 |   }
		14 | 
		15 |   egress {
		16 | 
		17 |     from_port   = 0
		18 |     to_port     = 0
		19 |     protocol    = &quot;-1&quot;
		20 |     cidr_blocks = [&quot;0.0.0.0/0&quot;]
		21 | 
		22 |   }
		23 | }</failure>
		</testcase>
		<testcase name="[NONE][CKV_AWS_130] Ensure VPC subnets do not assign public IP by default" classname="/subnets.tf.aws_subnet.public_a" file="/subnets.tf">
			<failure type="failure" message="Ensure VPC subnets do not assign public IP by default">
Resource: aws_subnet.public_a
File: /subnets.tf: 1-11
Guideline: https://docs.prismacloud.io/en/enterprise-edition/policy-reference/aws-policies/aws-networking-policies/ensure-vpc-subnets-do-not-assign-public-ip-by-default

		1  | resource &quot;aws_subnet&quot; &quot;public_a&quot; {
		2  | 
		3  |   vpc_id                  = aws_vpc.main.id
		4  |   cidr_block              = &quot;10.0.1.0/24&quot;
		5  |   availability_zone       = &quot;us-east-1a&quot;
		6  |   map_public_ip_on_launch = true
		7  | 
		8  |   tags = {
		9  |     Name = &quot;public-subnet-a&quot;
		10 |   }
		11 | }
</failure>
		</testcase>
		<testcase name="[NONE][CKV_AWS_192] Ensure WAF prevents message lookup in Log4j2. See CVE-2021-44228 aka log4jshell" classname="/waf.tf.aws_wafv2_web_acl.main" file="/waf.tf">
			<failure type="failure" message="Ensure WAF prevents message lookup in Log4j2. See CVE-2021-44228 aka log4jshell">
Resource: aws_wafv2_web_acl.main
File: /waf.tf: 1-19
Guideline: https://docs.prismacloud.io/en/enterprise-edition/policy-reference/aws-policies/aws-networking-policies/ensure-waf-prevents-message-lookup-in-log4j2

		1  | resource &quot;aws_wafv2_web_acl&quot; &quot;main&quot; {
		2  | 
		3  |   name  = &quot;prontosalud-waf&quot;
		4  |   scope = &quot;REGIONAL&quot;
		5  | 
		6  |   default_action {
		7  |     allow {}
		8  |   }
		9  | 
		10 |   visibility_config {
		11 | 
		12 |     cloudwatch_metrics_enabled = true
		13 | 
		14 |     metric_name = &quot;prontosalud&quot;
		15 | 
		16 |     sampled_requests_enabled = true
		17 | 
		18 |   }
		19 | }</failure>
		</testcase>
		<testcase name="[NONE][CKV_AWS_175] Ensure WAF has associated rules" classname="/waf.tf.aws_wafv2_web_acl.main" file="/waf.tf">
			<failure type="failure" message="Ensure WAF has associated rules">
Resource: aws_wafv2_web_acl.main
File: /waf.tf: 1-19
Guideline: https://docs.prismacloud.io/en/enterprise-edition/policy-reference/aws-policies/aws-networking-policies/bc-aws-networking-64

		1  | resource &quot;aws_wafv2_web_acl&quot; &quot;main&quot; {
		2  | 
		3  |   name  = &quot;prontosalud-waf&quot;
		4  |   scope = &quot;REGIONAL&quot;
		5  | 
		6  |   default_action {
		7  |     allow {}
		8  |   }
		9  | 
		10 |   visibility_config {
		11 | 
		12 |     cloudwatch_metrics_enabled = true
		13 | 
		14 |     metric_name = &quot;prontosalud&quot;
		15 | 
		16 |     sampled_requests_enabled = true
		17 | 
		18 |   }
		19 | }</failure>
		</testcase>
		<testcase name="[NONE][CKV2_AWS_30] Ensure Postgres RDS as aws_db_instance has Query Logging enabled" classname="/rds.tf.aws_db_instance.postgres" file="/rds.tf">
			<failure type="failure" message="Ensure Postgres RDS as aws_db_instance has Query Logging enabled">
Resource: aws_db_instance.postgres
File: /rds.tf: 1-16
Guideline: https://docs.prismacloud.io/en/enterprise-edition/policy-reference/aws-policies/aws-general-policies/ensure-postgres-rds-has-query-logging-enabled

		1  | resource &quot;aws_db_instance&quot; &quot;postgres&quot; {
		2  | 
		3  |   identifier = &quot;prontosalud-db&quot;
		4  | 
		5  |   engine = &quot;postgres&quot;
		6  | 
		7  |   instance_class = &quot;db.t3.micro&quot;
		8  | 
		9  |   allocated_storage = 20
		10 | 
		11 |   username = var.db_username
		12 | 
		13 |   password = var.db_password
		14 | 
		15 |   skip_final_snapshot = true
		16 | }</failure>
		</testcase>
		<testcase name="[NONE][CKV2_AWS_62] Ensure S3 buckets should have event notifications enabled" classname="/s3.tf.aws_s3_bucket.documents" file="/s3.tf">
			<failure type="failure" message="Ensure S3 buckets should have event notifications enabled">
Resource: aws_s3_bucket.documents
File: /s3.tf: 1-5
Guideline: https://docs.prismacloud.io/en/enterprise-edition/policy-reference/aws-policies/aws-logging-policies/bc-aws-2-62

		1 | resource &quot;aws_s3_bucket&quot; &quot;documents&quot; {
		2 | 
		3 |   bucket = &quot;prontosalud-ian-tapia-2026&quot;
		4 | 
		5 | }</failure>
		</testcase>
		<testcase name="[NONE][CKV_AWS_144] Ensure that S3 bucket has cross-region replication enabled" classname="/s3.tf.aws_s3_bucket.documents" file="/s3.tf">
			<failure type="failure" message="Ensure that S3 bucket has cross-region replication enabled">
Resource: aws_s3_bucket.documents
File: /s3.tf: 1-5
Guideline: https://docs.prismacloud.io/en/enterprise-edition/policy-reference/aws-policies/aws-general-policies/ensure-that-s3-bucket-has-cross-region-replication-enabled

		1 | resource &quot;aws_s3_bucket&quot; &quot;documents&quot; {
		2 | 
		3 |   bucket = &quot;prontosalud-ian-tapia-2026&quot;
		4 | 
		5 | }</failure>
		</testcase>
		<testcase name="[NONE][CKV_AWS_145] Ensure that S3 buckets are encrypted with KMS by default" classname="/s3.tf.aws_s3_bucket.documents" file="/s3.tf">
			<failure type="failure" message="Ensure that S3 buckets are encrypted with KMS by default">
Resource: aws_s3_bucket.documents
File: /s3.tf: 1-5
Guideline: https://docs.prismacloud.io/en/enterprise-edition/policy-reference/aws-policies/aws-general-policies/ensure-that-s3-buckets-are-encrypted-with-kms-by-default

		1 | resource &quot;aws_s3_bucket&quot; &quot;documents&quot; {
		2 | 
		3 |   bucket = &quot;prontosalud-ian-tapia-2026&quot;
		4 | 
		5 | }</failure>
		</testcase>
		<testcase name="[NONE][CKV_AWS_21] Ensure all data stored in the S3 bucket have versioning enabled" classname="/s3.tf.aws_s3_bucket.documents" file="/s3.tf">
			<failure type="failure" message="Ensure all data stored in the S3 bucket have versioning enabled">
Resource: aws_s3_bucket.documents
File: /s3.tf: 1-5
Guideline: https://docs.prismacloud.io/en/enterprise-edition/policy-reference/aws-policies/s3-policies/s3-16-enable-versioning

		1 | resource &quot;aws_s3_bucket&quot; &quot;documents&quot; {
		2 | 
		3 |   bucket = &quot;prontosalud-ian-tapia-2026&quot;
		4 | 
		5 | }</failure>
		</testcase>
		<testcase name="[NONE][CKV2_AWS_31] Ensure WAF2 has a Logging Configuration" classname="/waf.tf.aws_wafv2_web_acl.main" file="/waf.tf">
			<failure type="failure" message="Ensure WAF2 has a Logging Configuration">
Resource: aws_wafv2_web_acl.main
File: /waf.tf: 1-19
Guideline: https://docs.prismacloud.io/en/enterprise-edition/policy-reference/aws-policies/aws-logging-policies/bc-aws-logging-33

		1  | resource &quot;aws_wafv2_web_acl&quot; &quot;main&quot; {
		2  | 
		3  |   name  = &quot;prontosalud-waf&quot;
		4  |   scope = &quot;REGIONAL&quot;
		5  | 
		6  |   default_action {
		7  |     allow {}
		8  |   }
		9  | 
		10 |   visibility_config {
		11 | 
		12 |     cloudwatch_metrics_enabled = true
		13 | 
		14 |     metric_name = &quot;prontosalud&quot;
		15 | 
		16 |     sampled_requests_enabled = true
		17 | 
		18 |   }
		19 | }</failure>
		</testcase>
		<testcase name="[NONE][CKV2_AWS_6] Ensure that S3 bucket has a Public Access block" classname="/s3.tf.aws_s3_bucket.documents" file="/s3.tf">
			<failure type="failure" message="Ensure that S3 bucket has a Public Access block">
Resource: aws_s3_bucket.documents
File: /s3.tf: 1-5
Guideline: https://docs.prismacloud.io/en/enterprise-edition/policy-reference/aws-policies/aws-networking-policies/s3-bucket-should-have-public-access-blocks-defaults-to-false-if-the-public-access-block-is-not-attached

		1 | resource &quot;aws_s3_bucket&quot; &quot;documents&quot; {
		2 | 
		3 |   bucket = &quot;prontosalud-ian-tapia-2026&quot;
		4 | 
		5 | }</failure>
		</testcase>
		<testcase name="[NONE][CKV2_AWS_11] Ensure VPC flow logging is enabled in all VPCs" classname="/vpc.tf.aws_vpc.main" file="/vpc.tf">
			<failure type="failure" message="Ensure VPC flow logging is enabled in all VPCs">
Resource: aws_vpc.main
File: /vpc.tf: 1-10
Guideline: https://docs.prismacloud.io/en/enterprise-edition/policy-reference/aws-policies/aws-logging-policies/logging-9-enable-vpc-flow-logging

		1  | resource &quot;aws_vpc&quot; &quot;main&quot; {
		2  | 
		3  |   cidr_block           = &quot;10.0.0.0/16&quot;
		4  |   enable_dns_hostnames = true
		5  |   enable_dns_support   = true
		6  | 
		7  |   tags = {
		8  |     Name = &quot;prontosalud-vpc&quot;
		9  |   }
		10 | }</failure>
		</testcase>
		<testcase name="[NONE][CKV2_AWS_12] Ensure the default security group of every VPC restricts all traffic" classname="/vpc.tf.aws_vpc.main" file="/vpc.tf">
			<failure type="failure" message="Ensure the default security group of every VPC restricts all traffic">
Resource: aws_vpc.main
File: /vpc.tf: 1-10
Guideline: https://docs.prismacloud.io/en/enterprise-edition/policy-reference/aws-policies/aws-networking-policies/networking-4

		1  | resource &quot;aws_vpc&quot; &quot;main&quot; {
		2  | 
		3  |   cidr_block           = &quot;10.0.0.0/16&quot;
		4  |   enable_dns_hostnames = true
		5  |   enable_dns_support   = true
		6  | 
		7  |   tags = {
		8  |     Name = &quot;prontosalud-vpc&quot;
		9  |   }
		10 | }</failure>
		</testcase>
		<testcase name="[NONE][CKV2_AWS_61] Ensure that an S3 bucket has a lifecycle configuration" classname="/s3.tf.aws_s3_bucket.documents" file="/s3.tf">
			<failure type="failure" message="Ensure that an S3 bucket has a lifecycle configuration">
Resource: aws_s3_bucket.documents
File: /s3.tf: 1-5
Guideline: https://docs.prismacloud.io/en/enterprise-edition/policy-reference/aws-policies/aws-logging-policies/bc-aws-2-61

		1 | resource &quot;aws_s3_bucket&quot; &quot;documents&quot; {
		2 | 
		3 |   bucket = &quot;prontosalud-ian-tapia-2026&quot;
		4 | 
		5 | }</failure>
		</testcase>
		<testcase name="[NONE][CKV2_AWS_28] Ensure public facing ALB are protected by WAF" classname="/alb.tf.aws_lb.main" file="/alb.tf">
			<failure type="failure" message="Ensure public facing ALB are protected by WAF">
Resource: aws_lb.main
File: /alb.tf: 1-15
Guideline: https://docs.prismacloud.io/en/enterprise-edition/policy-reference/aws-policies/aws-networking-policies/ensure-public-facing-alb-are-protected-by-waf

		1  | resource &quot;aws_lb&quot; &quot;main&quot; {
		2  | 
		3  |   name               = &quot;prontosalud-alb&quot;
		4  |   load_balancer_type = &quot;application&quot;
		5  | 
		6  |   internal = false
		7  | 
		8  |   security_groups = [
		9  |     aws_security_group.alb_sg.id
		10 |   ]
		11 | 
		12 |   subnets = [
		13 |     aws_subnet.public_a.id
		14 |   ]
		15 | }</failure>
		</testcase>
		<testcase name="[NONE][CKV2_AWS_60] Ensure RDS instance with copy tags to snapshots is enabled" classname="/rds.tf.aws_db_instance.postgres" file="/rds.tf">
			<failure type="failure" message="Ensure RDS instance with copy tags to snapshots is enabled">
Resource: aws_db_instance.postgres
File: /rds.tf: 1-16
Guideline: https://docs.prismacloud.io/en/enterprise-edition/policy-reference/aws-policies/aws-general-policies/bc-aws-2-60

		1  | resource &quot;aws_db_instance&quot; &quot;postgres&quot; {
		2  | 
		3  |   identifier = &quot;prontosalud-db&quot;
		4  | 
		5  |   engine = &quot;postgres&quot;
		6  | 
		7  |   instance_class = &quot;db.t3.micro&quot;
		8  | 
		9  |   allocated_storage = 20
		10 | 
		11 |   username = var.db_username
		12 | 
		13 |   password = var.db_password
		14 | 
		15 |   skip_final_snapshot = true
		16 | }</failure>
		</testcase>
		<testcase name="[NONE][CKV2_AWS_60] Ensure RDS instance with copy tags to snapshots is enabled" classname="/rds_replica.tf.aws_db_instance.replica" file="/rds_replica.tf">
			<failure type="failure" message="Ensure RDS instance with copy tags to snapshots is enabled">
Resource: aws_db_instance.replica
File: /rds_replica.tf: 1-10
Guideline: https://docs.prismacloud.io/en/enterprise-edition/policy-reference/aws-policies/aws-general-policies/bc-aws-2-60

		1  | resource &quot;aws_db_instance&quot; &quot;replica&quot; {
		2  | 
		3  |   replicate_source_db = aws_db_instance.postgres.identifier
		4  | 
		5  |   identifier = &quot;prontosalud-replica&quot;
		6  | 
		7  |   instance_class = &quot;db.t3.micro&quot;
		8  | 
		9  |   skip_final_snapshot = true
		10 | }</failure>
		</testcase>
		<testcase name="[NONE][CKV_AWS_18] Ensure the S3 bucket has access logging enabled" classname="/s3.tf.aws_s3_bucket.documents" file="/s3.tf">
			<failure type="failure" message="Ensure the S3 bucket has access logging enabled">
Resource: aws_s3_bucket.documents
File: /s3.tf: 1-5
Guideline: https://docs.prismacloud.io/en/enterprise-edition/policy-reference/aws-policies/s3-policies/s3-13-enable-logging

		1 | resource &quot;aws_s3_bucket&quot; &quot;documents&quot; {
		2 | 
		3 |   bucket = &quot;prontosalud-ian-tapia-2026&quot;
		4 | 
		5 | }</failure>
		</testcase>
	</testsuite>
</testsuites>
